This is XeTeX, Version 3.14159265-2.6-0.99996 (TeX Live 2016/Debian) (preloaded format=xelatex 2019.4.22)  18 JUL 2019 10:03
entering extended mode
 restricted \write18 enabled.
 file:line:error style messages enabled.
 %&-line parsing enabled.
**dis.tex
(./dis.tex
LaTeX2e <2016/03/31>
Babel <3.9r> and hyphenation patterns for 83 language(s) loaded.
(/usr/share/texlive/texmf-dist/tex/latex/memoir/memoir.cls
Document Class: memoir 2016/05/16 v3.7f configurable book, report, article docu
ment class
\onelineskip=\skip41
\lxvchars=\skip42
\xlvchars=\skip43
\@memcnta=\count79
\c@@memmarkcntra=\count80
(/usr/share/texlive/texmf-dist/tex/generic/oberdiek/ifpdf.sty
Package: ifpdf 2016/05/14 v3.1 Provides the ifpdf switch
)
(/usr/share/texlive/texmf-dist/tex/latex/ifetex/ifetex.sty
Package: ifetex 2011/12/15 v1.2 ifetex

(/usr/share/texlive/texmf-dist/tex/plain/ifetex/ifetex.tex))
(/usr/share/texlive/texmf-dist/tex/generic/ifxetex/ifxetex.sty
Package: ifxetex 2010/09/12 v0.6 Provides ifxetex conditional
)
(/usr/share/texlive/texmf-dist/tex/generic/oberdiek/ifluatex.sty
Package: ifluatex 2016/05/16 v1.4 Provides the ifluatex switch (HO)
Package ifluatex Info: LuaTeX not detected.
)
\stockheight=\skip44
\stockwidth=\skip45
\trimtop=\skip46
\trimedge=\skip47

(/usr/share/texlive/texmf-dist/tex/latex/memoir/mem12.clo
File: mem12.clo 2010/10/19 v0.4b memoir class 12pt size option
)
\binding=\skip48
\spinemargin=\skip49
\foremargin=\skip50
\uppermargin=\skip51
\lowermargin=\skip52
\headdrop=\skip53
\normalrulethickness=\skip54
\mem@maxheadheight=\skip55
\mem@maxfootheight=\skip56
\headwidth=\skip57
\c@storedpagenumber=\count81
\memPD=\dimen102
\m@mabparskip=\skip58
\thanksmarkwidth=\skip59
\thanksmarksep=\skip60
\droptitle=\skip61
\c@book=\count82
\c@part=\count83
\c@chapter=\count84
\c@section=\count85
\c@subsection=\count86
\c@subsubsection=\count87
\c@paragraph=\count88
\c@subparagraph=\count89
\beforechapskip=\skip62
\midchapskip=\skip63
\afterchapskip=\skip64
\chapindent=\skip65
\bottomsectionskip=\skip66
\secindent=\skip67
\beforesecskip=\skip68
\aftersecskip=\skip69
\subsecindent=\skip70
\beforesubsecskip=\skip71
\aftersubsecskip=\skip72
\subsubsecindent=\skip73
\beforesubsubsecskip=\skip74
\aftersubsubsecskip=\skip75
\paraindent=\skip76
\beforeparaskip=\skip77
\afterparaskip=\skip78
\subparaindent=\skip79
\beforesubparaskip=\skip80
\aftersubparaskip=\skip81
\pfbreakskip=\skip82
\c@@ppsavesec=\count90
\c@@ppsaveapp=\count91
\ragrparindent=\dimen103
\everylistparindent=\dimen104
\parsepi=\skip83
\topsepi=\skip84
\itemsepi=\skip85
\parsepii=\skip86
\topsepii=\skip87
\topsepiii=\skip88
\itemsepii=\skip89
\itemsepiii=\skip90
\partopsepii=\skip91
\partopsepiii=\skip92
\m@msavetopsep=\skip93
\m@msavepartopsep=\skip94
\@enLab=\toks14
\abstitleskip=\skip95
\absleftindent=\skip96
\abs@leftindent=\dimen105
\absrightindent=\skip97
\absparindent=\skip98
\absparsep=\skip99
\c@vslineno=\count92
\c@poemline=\count93
\c@modulo@vs=\count94
\c@memfvsline=\count95
\vleftskip=\skip100
\vrightskip=\skip101
\stanzaskip=\skip102
\versewidth=\skip103
\vgap=\skip104
\vindent=\skip105
\vleftmargin=\dimen106
\c@verse=\count96
\c@chrsinstr=\count97
\beforepoemtitleskip=\skip106
\afterpoemtitleskip=\skip107
\c@poem=\count98
\beforePoemTitleskip=\skip108
\midPoemTitleskip=\skip109
\afterPoemTitleskip=\skip110
\col@sep=\dimen107
\extrarowheight=\dimen108
\NC@list=\toks15
\extratabsurround=\skip111
\backup@length=\skip112
\TX@col@width=\dimen109
\TX@old@table=\dimen110
\TX@old@col=\dimen111
\TX@target=\dimen112
\TX@delta=\dimen113
\TX@cols=\count99
\TX@ftn=\toks16
\heavyrulewidth=\dimen114
\lightrulewidth=\dimen115
\cmidrulewidth=\dimen116
\belowrulesep=\dimen117
\belowbottomsep=\dimen118
\aboverulesep=\dimen119
\abovetopsep=\dimen120
\cmidrulesep=\dimen121
\cmidrulekern=\dimen122
\defaultaddspace=\dimen123
\@cmidla=\count100
\@cmidlb=\count101
\@aboverulesep=\dimen124
\@belowrulesep=\dimen125
\@thisruleclass=\count102
\@lastruleclass=\count103
\@thisrulewidth=\dimen126
\ctableftskip=\skip113
\ctabrightskip=\skip114
\abovecolumnspenalty=\count104
\@linestogo=\count105
\@cellstogo=\count106
\@cellsincolumn=\count107
\crtok=\toks17
\@mincolumnwidth=\dimen127
\c@newflo@tctr=\count108
\mem@margin@floatbox=\box26
\@contcwidth=\skip115
\@contindw=\skip116
\abovecaptionskip=\skip117
\belowcaptionskip=\skip118
\subfloattopskip=\skip119
\subfloatcapskip=\skip120
\subfloatcaptopadj=\skip121
\subfloatbottomskip=\skip122
\subfloatlabelskip=\skip123
\subfloatcapmargin=\dimen128
\c@@contsubnum=\count109
\m@mscap@capbox=\box27
\m@mscap@fbox=\box28
\sidecapsep=\dimen129
\sidecapwidth=\dimen130
\m@m@tempdima=\dimen131
\m@mscapraise=\dimen132
\sidecapraise=\dimen133
\m@mscapmainwidth=\dimen134
\m@mscaplkern=\dimen135
\beforeepigraphskip=\skip124
\afterepigraphskip=\skip125
\epigraphwidth=\skip126
\epigraphrule=\skip127
LaTeX Info: Redefining \em on input line 7551.
LaTeX Info: Redefining \emph on input line 7559.
\tocentryskip=\skip128
\tocbaseline=\skip129
\cftparskip=\skip130
\cftbeforebookskip=\skip131
\cftbookindent=\dimen136
\cftbooknumwidth=\dimen137
\cftbeforepartskip=\skip132
\cftpartindent=\skip133
\cftpartnumwidth=\skip134
\cftbeforechapterskip=\skip135
\cftchapterindent=\skip136
\cftchapternumwidth=\skip137
\cftbeforesectionskip=\skip138
\cftsectionindent=\skip139
\cftsectionnumwidth=\skip140
\cftbeforesubsectionskip=\skip141
\cftsubsectionindent=\skip142
\cftsubsectionnumwidth=\skip143
\cftbeforesubsubsectionskip=\skip144
\cftsubsubsectionindent=\skip145
\cftsubsubsectionnumwidth=\skip146
\cftbeforeparagraphskip=\skip147
\cftparagraphindent=\skip148
\cftparagraphnumwidth=\skip149
\cftbeforesubparagraphskip=\skip150
\cftsubparagraphindent=\skip151
\cftsubparagraphnumwidth=\skip152
\prechapterprecisshift=\dimen138
\c@maxsecnumdepth=\count110
\bibindent=\dimen139
\bibitemsep=\skip153
\indexcolsep=\skip154
\indexrule=\skip155
\indexmarkstyle=\toks18
\@indexbox=\insert199
\glossarycolsep=\dimen140
\glossaryrule=\dimen141
\sideparvshift=\skip156
\sideins=\insert198
\sidebartopsep=\skip157
\sidebarhsep=\skip158
\sidebarvsep=\skip159
\sidebarwidth=\skip160
\footmarkwidth=\skip161
\footmarksep=\skip162
\footparindent=\skip163
\footinsdim=\skip164
\footinsv@r=\insert197
\@mpfootinsv@r=\insert196
\m@m@k=\count111
\m@m@h=\dimen142
\m@mipn@skip=\skip165
\sidefootins=\insert195
\sidefootadjust=\skip166
\sidefootheight=\skip167
\sidefoothsep=\skip168
\sidefootvsep=\skip169
\sidefootwidth=\skip170
\m@mdownsf=\skip171
\c@sidefootnote=\count112
\sidefootmarkwidth=\skip172
\sidefootmarksep=\skip173
\sidefootparindent=\skip174
\c@pagenote=\count113
\c@pagenoteshadow=\count114
\mem@pn@lastkern=\skip175
\every@verbatim=\toks19
\afterevery@verbatim=\toks20
\verbatim@line=\toks21
\tab@position=\count115
\verbatim@in@stream=\read1
\verbatimindent=\skip176
\verbatim@out=\write3
\bvboxsep=\skip177
\c@memfbvline=\count116
\c@bvlinectr=\count117
\bvnumlength=\skip178
\fb@frw=\dimen143
\fb@frh=\dimen144
\FrameRule=\dimen145
\FrameSep=\dimen146
\c@cp@cntr=\count118
LaTeX Info: Redefining \: on input line 12068.
LaTeX Info: Redefining \! on input line 12070.
\c@ism@mctr=\count119
\c@xsm@mctr=\count120
\c@csm@mctr=\count121
\c@ksm@mctr=\count122
\c@xksm@mctr=\count123
\c@cksm@mctr=\count124
\c@msm@mctr=\count125
\c@xmsm@mctr=\count126
\c@cmsm@mctr=\count127
\c@bsm@mctr=\count128
\c@workm@mctr=\count129
\c@sheetsequence=\count130
\c@lastsheet=\count131
\c@lastpage=\count132
\c@figure=\count133
\c@lofdepth=\count134
\cftbeforefigureskip=\skip179
\cftfigureindent=\skip180
\cftfigurenumwidth=\skip181
\c@table=\count135
\c@lotdepth=\count136
\cftbeforetableskip=\skip182
\cfttableindent=\skip183
\cfttablenumwidth=\skip184
Package abstract [2008/07/23] emulated by memoir.
Package appendix [2008/07/23] emulated by memoir.
Package array [2008/09/09] emulated by memoir.
Package booktabs [2016/05/16] emulated by memoir.
Package ccaption [2008/07/23] emulated by memoir.
Package changepage [2008/07/23] emulated by memoir.
Package chngcntr [2008/07/23] emulated by memoir.
Package chngpage [2008/07/23] emulated by memoir.
Package crop emulated by memoir.
Package dcolumn [2008/07/23] emulated by memoir.
Package delarray [2008/07/23] emulated by memoir.
Package enumerate [2008/07/23] emulated by memoir.
Package epigraph [2008/07/23] emulated by memoir.
Package ifmtarg [2008/07/23] emulated by memoir.
Package index [2008/07/23] emulated by memoir.
Package makeidx [2008/07/23] emulated by memoir.
Package moreverb [2008/07/23] emulated by memoir.
Package mparhack [2008/07/23] emulated by memoir.
Package needspace [2008/07/23] emulated by memoir.
Package newfile [2008/07/23] emulated by memoir.
Package nextpage [2008/07/23] emulated by memoir.
Package pagenote [2008/07/23] emulated by memoir.
Package parskip [2008/07/23] emulated by memoir.
Package patchcmd [2008/07/23] emulated by memoir.
Package setspace [2008/07/23] emulated by memoir.
Package shortvrb [2008/07/23] emulated by memoir.
Package showidx [2008/07/23] emulated by memoir.
Package tabularx [2008/07/23] emulated by memoir.
Package titleref [2008/07/23] emulated by memoir.
Package titling [2008/07/23] emulated by memoir.
Package tocbibind [2008/07/23] emulated by memoir.
Package tocloft [2008/07/23] emulated by memoir.
Package tocvsec2 [2008/07/23] emulated by memoir.
Package verbatim [2008/07/23] emulated by memoir.
Package verse [2008/07/23] emulated by memoir.

(/usr/share/texlive/texmf-dist/tex/latex/memoir/mempatch.sty
Package: mempatch 2009/07/24 v6.0f Patches for memoir class v1.6180339
))
(/usr/share/texlive/texmf-dist/tex/latex/graphics/graphicx.sty
Package: graphicx 2014/10/28 v1.0g Enhanced LaTeX Graphics (DPC,SPQR)

(/usr/share/texlive/texmf-dist/tex/latex/graphics/keyval.sty
Package: keyval 2014/10/28 v1.15 key=value parser (DPC)
\KV@toks@=\toks22
)
(/usr/share/texlive/texmf-dist/tex/latex/graphics/graphics.sty
Package: graphics 2016/05/09 v1.0r Standard LaTeX Graphics (DPC,SPQR)

(/usr/share/texlive/texmf-dist/tex/latex/graphics/trig.sty
Package: trig 2016/01/03 v1.10 sin cos tan (DPC)
)
(/usr/share/texlive/texmf-dist/tex/latex/graphics-cfg/graphics.cfg
File: graphics.cfg 2016/01/02 v1.10 sample graphics configuration
)
Package graphics Info: Driver file: xetex.def on input line 96.

(/usr/share/texlive/texmf-dist/tex/xelatex/xetex-def/xetex.def
File: xetex.def 2016/04/06 v4.08 LaTeX color/graphics driver for XeTeX (TeX Liv
e/RRM/JK)

(/usr/share/texlive/texmf-dist/tex/generic/oberdiek/infwarerr.sty
Package: infwarerr 2016/05/16 v1.4 Providing info/warning/error messages (HO)
)
(/usr/share/texlive/texmf-dist/tex/generic/oberdiek/ltxcmds.sty
Package: ltxcmds 2016/05/16 v1.23 LaTeX kernel commands for general use (HO)
)))
\Gin@req@height=\dimen147
\Gin@req@width=\dimen148
)
(/usr/share/texlive/texmf-dist/tex/latex/etoolbox/etoolbox.sty
Package: etoolbox 2015/08/02 v2.2a e-TeX tools for LaTeX (JAW)
\etb@tempcnta=\count137
)
(/usr/share/texlive/texmf-dist/tex/latex/microtype/microtype.sty
Package: microtype 2016/05/14 v2.6a Micro-typographical refinements (RS)
\MT@toks=\toks23
\MT@count=\count138
LaTeX Info: Redefining \textls on input line 774.
\MT@outer@kern=\dimen149
LaTeX Info: Redefining \textmicrotypecontext on input line 1310.
\MT@listname@count=\count139

(/usr/share/texlive/texmf-dist/tex/latex/microtype/microtype-xetex.def
File: microtype-xetex.def 2016/05/14 v2.6a Definitions specific to xetex (RS)
LaTeX Info: Redefining \lsstyle on input line 255.
)
Package microtype Info: Loading configuration file microtype.cfg.

(/usr/share/texlive/texmf-dist/tex/latex/microtype/microtype.cfg
File: microtype.cfg 2016/05/14 v2.6a microtype main configuration file (RS)
))
(/usr/share/texlive/texmf-dist/tex/latex/threeparttable/threeparttable.sty
Package: threeparttable 2003/06/13  v 3.0
\@tempboxb=\box29
)
(/usr/share/texlive/texmf-dist/tex/latex/was/gensymb.sty
Package: gensymb 2003/07/02 v1.0 (WaS)
)
(/usr/share/texlive/texmf-dist/tex/latex/jknapltx/mathrsfs.sty
Package: mathrsfs 1996/01/01 Math RSFS package v1.0 (jk)
\symrsfs=\mathgroup4
)
(/usr/share/texlive/texmf-dist/tex/latex/siunitx/siunitx.sty
(/usr/share/texlive/texmf-dist/tex/latex/l3kernel/expl3.sty
Package: expl3 2016/05/18 v6512 L3 programming layer (loader) 

(/usr/share/texlive/texmf-dist/tex/latex/l3kernel/expl3-code.tex
Package: expl3 2016/05/18 v6512 L3 programming layer (code)
L3 Module: l3bootstrap 2016/02/12 v6412 L3 Bootstrap code
L3 Module: l3names 2016/03/11 v6433 L3 Namespace for primitives
L3 Module: l3basics 2015/11/22 v6315 L3 Basic definitions
L3 Module: l3expan 2015/09/10 v5983 L3 Argument expansion
L3 Module: l3tl 2016/03/26 v6465 L3 Token lists
L3 Module: l3str 2016/03/24 v6441 L3 Strings
L3 Module: l3seq 2015/08/05 v5777 L3 Sequences and stacks
L3 Module: l3int 2016/03/24 v6441 L3 Integers
\c_max_int=\count140
\l_tmpa_int=\count141
\l_tmpb_int=\count142
\g_tmpa_int=\count143
\g_tmpb_int=\count144
L3 Module: l3quark 2015/08/17 v5855 L3 Quarks
L3 Module: l3prg 2015/11/01 v6216 L3 Control structures
\g__prg_map_int=\count145
L3 Module: l3clist 2015/09/02 v5901 L3 Comma separated lists
L3 Module: l3token 2016/04/03 v6470 L3 Experimental token manipulation
L3 Module: l3prop 2016/01/05 v6366 L3 Property lists
L3 Module: l3msg 2016/03/26 v6464 L3 Messages
L3 Module: l3file 2016/03/25 v6458 L3 File and I/O operations
\l_iow_line_count_int=\count146
\l__iow_target_count_int=\count147
\l__iow_current_line_int=\count148
\l__iow_current_word_int=\count149
\l__iow_current_indentation_int=\count150
L3 Module: l3skip 2016/01/05 v6366 L3 Dimensions and skips
\c_zero_dim=\dimen150
\c_max_dim=\dimen151
\l_tmpa_dim=\dimen152
\l_tmpb_dim=\dimen153
\g_tmpa_dim=\dimen154
\g_tmpb_dim=\dimen155
\c_zero_skip=\skip185
\c_max_skip=\skip186
\l_tmpa_skip=\skip187
\l_tmpb_skip=\skip188
\g_tmpa_skip=\skip189
\g_tmpb_skip=\skip190
\c_zero_muskip=\muskip10
\c_max_muskip=\muskip11
\l_tmpa_muskip=\muskip12
\l_tmpb_muskip=\muskip13
\g_tmpa_muskip=\muskip14
\g_tmpb_muskip=\muskip15
L3 Module: l3keys 2015/11/17 v6284 L3 Key-value interfaces
\g__keyval_level_int=\count151
\l_keys_choice_int=\count152
L3 Module: l3fp 2016/03/26 v6465 L3 Floating points
\c__fp_leading_shift_int=\count153
\c__fp_middle_shift_int=\count154
\c__fp_trailing_shift_int=\count155
\c__fp_big_leading_shift_int=\count156
\c__fp_big_middle_shift_int=\count157
\c__fp_big_trailing_shift_int=\count158
\c__fp_Bigg_leading_shift_int=\count159
\c__fp_Bigg_middle_shift_int=\count160
\c__fp_Bigg_trailing_shift_int=\count161
L3 Module: l3box 2015/08/09 v5822 L3 Experimental boxes
\c_empty_box=\box30
\l_tmpa_box=\box31
\l_tmpb_box=\box32
\g_tmpa_box=\box33
\g_tmpb_box=\box34
L3 Module: l3coffins 2016/05/17 v6508 L3 Coffin code layer
\l__coffin_internal_box=\box35
\l__coffin_internal_dim=\dimen156
\l__coffin_offset_x_dim=\dimen157
\l__coffin_offset_y_dim=\dimen158
\l__coffin_x_dim=\dimen159
\l__coffin_y_dim=\dimen160
\l__coffin_x_prime_dim=\dimen161
\l__coffin_y_prime_dim=\dimen162
\c_empty_coffin=\box36
\l__coffin_aligned_coffin=\box37
\l__coffin_aligned_internal_coffin=\box38
\l_tmpa_coffin=\box39
\l_tmpb_coffin=\box40
\l__coffin_display_coffin=\box41
\l__coffin_display_coord_coffin=\box42
\l__coffin_display_pole_coffin=\box43
\l__coffin_display_offset_dim=\dimen163
\l__coffin_display_x_dim=\dimen164
\l__coffin_display_y_dim=\dimen165
L3 Module: l3color 2014/08/23 v5354 L3 Experimental color support
L3 Module: l3sys 2015/09/25 v6087 L3 Experimental system/runtime functions
L3 Module: l3candidates 2016/05/13 v6484 L3 Experimental additions to l3kernel
\l__box_top_dim=\dimen166
\l__box_bottom_dim=\dimen167
\l__box_left_dim=\dimen168
\l__box_right_dim=\dimen169
\l__box_top_new_dim=\dimen170
\l__box_bottom_new_dim=\dimen171
\l__box_left_new_dim=\dimen172
\l__box_right_new_dim=\dimen173
\l__box_internal_box=\box44
\l__coffin_bounding_shift_dim=\dimen174
\l__coffin_left_corner_dim=\dimen175
\l__coffin_right_corner_dim=\dimen176
\l__coffin_bottom_corner_dim=\dimen177
\l__coffin_top_corner_dim=\dimen178
\l__coffin_scaled_total_height_dim=\dimen179
\l__coffin_scaled_width_dim=\dimen180
L3 Module: l3luatex 2016/03/26 v6465 L3 Experimental LuaTeX-specific functions
)
(/usr/share/texlive/texmf-dist/tex/latex/l3kernel/l3xdvipdfmx.def
File: l3xdvidpfmx.def 2016/03/26 v6465 L3 Experimental driver: xdvipdfmx
\l__driver_tmp_box=\box45
))
(/usr/share/texlive/texmf-dist/tex/latex/l3packages/xparse/xparse.sty
Package: xparse 2016/05/18 v6512 L3 Experimental document command parser
\l__xparse_current_arg_int=\count162
\l__xparse_m_args_int=\count163
\l__xparse_mandatory_args_int=\count164
\l__xparse_processor_int=\count165
\l__xparse_v_nesting_int=\count166
)
Package: siunitx 2016/03/01 v2.6q A comprehensive (SI) units package

(/usr/share/texlive/texmf-dist/tex/latex/amsmath/amstext.sty
Package: amstext 2000/06/29 v2.01 AMS text

(/usr/share/texlive/texmf-dist/tex/latex/amsmath/amsgen.sty
File: amsgen.sty 1999/11/30 v2.0 generic functions
\@emptytoks=\toks24
\ex@=\dimen181
))
(/usr/share/texlive/texmf-dist/tex/latex/l3packages/l3keys2e/l3keys2e.sty
Package: l3keys2e 2016/05/18 v6512 LaTeX2e option processing using LaTeX3 keys
)
\l__siunitx_tmp_box=\box46
\l__siunitx_tmp_dim=\dimen182
\l__siunitx_tmp_int=\count167
\l__siunitx_number_mantissa_length_int=\count168
\l__siunitx_number_uncert_length_int=\count169
\l__siunitx_round_int=\count170
\l__siunitx_process_decimal_int=\count171
\l__siunitx_process_uncertainty_int=\count172
\l__siunitx_process_fixed_int=\count173
\l__siunitx_process_integer_min_int=\count174
\l__siunitx_process_precision_int=\count175
\l__siunitx_group_min_int=\count176
\l__siunitx_angle_marker_box=\box47
\l__siunitx_angle_unit_box=\box48
\l__siunitx_angle_marker_dim=\dimen183
\l__siunitx_angle_unit_dim=\dimen184
\l__siunitx_unit_int=\count177
\l__siunitx_unit_denominator_int=\count178
\l__siunitx_unit_numerator_int=\count179
\l__siunitx_unit_prefix_int=\count180
\l__siunitx_unit_prefix_base_int=\count181
\l__siunitx_unit_prefix_gram_int=\count182
\l__siunitx_number_product_int=\count183
\c__siunitx_one_fill_skip=\skip191
\l__siunitx_table_unit_align_skip=\skip192
\l__siunitx_table_exponent_dim=\dimen185
\l__siunitx_table_integer_dim=\dimen186
\l__siunitx_table_mantissa_dim=\dimen187
\l__siunitx_table_marker_dim=\dimen188
\l__siunitx_table_result_dim=\dimen189
\l__siunitx_table_uncert_dim=\dimen190
\l__siunitx_table_fill_pre_dim=\dimen191
\l__siunitx_table_fill_post_dim=\dimen192
\l__siunitx_table_fill_mid_dim=\dimen193
\l__siunitx_table_pre_box=\box49
\l__siunitx_table_post_box=\box50
\l__siunitx_table_mantissa_box=\box51
\l__siunitx_table_result_box=\box52
\l__siunitx_table_number_align_skip=\skip193
\l__siunitx_table_text_align_skip=\skip194
.................................................
. LaTeX info: "xparse/define-command"
. 
. Defining command \DeclareBinaryPrefix with sig. 'mmm' on line 7218.
.................................................
.................................................
. LaTeX info: "xparse/define-command"
. 
. Defining command \DeclareSIPostPower with sig. 'mm' on line 7221.
.................................................
.................................................
. LaTeX info: "xparse/define-command"
. 
. Defining command \DeclareSIPrefix with sig. 'mmm' on line 7224.
.................................................
.................................................
. LaTeX info: "xparse/define-command"
. 
. Defining command \DeclareSIPrePower with sig. 'mm' on line 7227.
.................................................
.................................................
. LaTeX info: "xparse/define-command"
. 
. Defining command \DeclareSIQualifier with sig. 'mm' on line 7230.
.................................................
.................................................
. LaTeX info: "xparse/define-command"
. 
. Defining command \DeclareSIUnit with sig. 'O{}mm' on line 7233.
.................................................
.................................................
. LaTeX info: "xparse/define-command"
. 
. Defining command \DeclareSIUnitWithOptions with sig. 'mmm' on line 7236.
.................................................
.................................................
. LaTeX info: "xparse/define-command"
. 
. Defining command \ang with sig. 'o>{\SplitArgument {2}{;}}m' on line 7251.
.................................................
.................................................
. LaTeX info: "xparse/define-command"
. 
. Defining command \num with sig. 'om' on line 7260.
.................................................
.................................................
. LaTeX info: "xparse/define-command"
. 
. Defining command \numlist with sig. 'o>{\SplitList {;}}m' on line 7269.
.................................................
.................................................
. LaTeX info: "xparse/define-command"
. 
. Defining command \numrange with sig. 'omm' on line 7278.
.................................................
.................................................
. LaTeX info: "xparse/define-command"
. 
. Defining command \SIlist with sig. 'o>{\SplitList {;}}mm' on line 7290.
.................................................
.................................................
. LaTeX info: "xparse/define-command"
. 
. Defining command \SIrange with sig. 'ommm' on line 7302.
.................................................
.................................................
. LaTeX info: "xparse/define-command"
. 
. Defining command \SI with sig. 'omom' on line 7314.
.................................................
.................................................
. LaTeX info: "xparse/define-command"
. 
. Defining command \sisetup with sig. 'm' on line 7317.
.................................................
.................................................
. LaTeX info: "xparse/define-command"
. 
. Defining command \tablenum with sig. 'om' on line 7332.
.................................................
.................................................
. LaTeX info: "xparse/define-command"
. 
. Defining command \si with sig. 'om' on line 7344.
.................................................
.................................................
. LaTeX info: "xparse/define-command"
. 
. Defining command \__siunitx_bookmark_num:w with sig. 'om' on line 7391.
.................................................
.................................................
. LaTeX info: "xparse/define-command"
. 
. Defining command \__siunitx_bookmark_numrange:w with sig. 'omm' on line
. 7393.
.................................................
.................................................
. LaTeX info: "xparse/define-command"
. 
. Defining command \__siunitx_bookmark_SI:w with sig. 'omom' on line 7395.
.................................................
.................................................
. LaTeX info: "xparse/define-command"
. 
. Defining command \__siunitx_bookmark_SIlist:w with sig. 'omm' on line 7397.
.................................................
.................................................
. LaTeX info: "xparse/define-command"
. 
. Defining command \__siunitx_bookmark_SIrange:w with sig. 'ommm' on line
. 7399.
.................................................
.................................................
. LaTeX info: "xparse/define-command"
. 
. Defining command \__siunitx_bookmark_si:w with sig. 'om' on line 7400.
.................................................
\g__file_internal_ior=\read2

(/usr/share/texlive/texmf-dist/tex/latex/beamer/translator/translator.sty
Package: translator 2010/06/12 ver 1.10

(/usr/share/texlive/texmf-dist/tex/latex/beamer/translator/translator-language-
mappings.tex))) (/usr/share/texlive/texmf-dist/tex/latex/placeins/placeins.sty
Package: placeins 2005/04/18  v 2.2
) (/usr/share/texlive/texmf-dist/tex/latex/cancel/cancel.sty
Package: cancel 2013/04/12 v2.2 Cancel math terms
)
(/usr/share/texlive/texmf-dist/tex/latex/graphics/color.sty
Package: color 2016/05/09 v1.1c Standard LaTeX Color (DPC)

(/usr/share/texlive/texmf-dist/tex/latex/graphics-cfg/color.cfg
File: color.cfg 2016/01/02 v1.6 sample color configuration
)
Package color Info: Driver file: xetex.def on input line 144.

(/usr/share/texlive/texmf-dist/tex/latex/graphics/dvipsnam.def
File: dvipsnam.def 2015/12/30 v3.0k Driver-dependent file (DPC,SPQR)
))
(/usr/share/texlive/texmf-dist/tex/latex/enumitem/enumitem.sty
Package: enumitem 2011/09/28 v3.5.2 Customized lists
\labelindent=\skip256
\enit@outerparindent=\dimen194
\enit@toks=\toks25
\enit@inbox=\box53
\enitdp@description=\count184
)
(/usr/share/texlive/texmf-dist/tex/latex/hyphenat/hyphenat.sty
Package: hyphenat 2009/09/02 v2.3c hyphenation utilities
\langwohyphens=\language83
LaTeX Info: Redefining \_ on input line 43.
)
(/usr/share/texlive/texmf-dist/tex/latex/datatool/datatool-base.sty
Package: datatool-base 2016/01/18 v2.25 (NLCT)

(/usr/share/texlive/texmf-dist/tex/latex/amsmath/amsmath.sty
Package: amsmath 2016/03/10 v2.15b AMS math features
\@mathmargin=\skip257

For additional information on amsmath, use the `?' option.
(/usr/share/texlive/texmf-dist/tex/latex/amsmath/amsbsy.sty
Package: amsbsy 1999/11/29 v1.2d Bold Symbols
\pmbraise@=\dimen256
)
(/usr/share/texlive/texmf-dist/tex/latex/amsmath/amsopn.sty
Package: amsopn 2016/03/08 v2.02 operator names
)
\inf@bad=\count185
LaTeX Info: Redefining \frac on input line 199.
\uproot@=\count186
\leftroot@=\count187
LaTeX Info: Redefining \overline on input line 297.
\classnum@=\count188
\DOTSCASE@=\count189
LaTeX Info: Redefining \ldots on input line 394.
LaTeX Info: Redefining \dots on input line 397.
LaTeX Info: Redefining \cdots on input line 518.
\Mathstrutbox@=\box54
\strutbox@=\box55
\big@size=\dimen257
LaTeX Font Info:    Redeclaring font encoding OML on input line 634.
LaTeX Font Info:    Redeclaring font encoding OMS on input line 635.
\macc@depth=\count190
\c@MaxMatrixCols=\count191
\dotsspace@=\muskip16
\c@parentequation=\count192
\dspbrk@lvl=\count193
\tag@help=\toks26
\row@=\count194
\column@=\count266
\maxfields@=\count267
\andhelp@=\toks27
\eqnshift@=\dimen258
\alignsep@=\dimen259
\tagshift@=\dimen260
\tagwidth@=\dimen261
\totwidth@=\dimen262
\lineht@=\dimen263
\@envbody=\toks28
\multlinegap=\skip258
\multlinetaggap=\skip259
\mathdisplay@stack=\toks29
LaTeX Info: Redefining \[ on input line 2739.
LaTeX Info: Redefining \] on input line 2740.
)
(/usr/share/texlive/texmf-dist/tex/latex/xkeyval/xkeyval.sty
Package: xkeyval 2014/12/03 v2.7a package option processing (HA)

(/usr/share/texlive/texmf-dist/tex/generic/xkeyval/xkeyval.tex
(/usr/share/texlive/texmf-dist/tex/generic/xkeyval/xkvutils.tex
\XKV@toks=\toks30
\XKV@tempa@toks=\toks31
)
\XKV@depth=\count268
File: xkeyval.tex 2014/12/03 v2.7a key=value parser (HA)
))
(/usr/share/texlive/texmf-dist/tex/latex/xfor/xfor.sty
Package: xfor 2009/02/05 v1.05 (NLCT)
)
(/usr/share/texlive/texmf-dist/tex/latex/base/ifthen.sty
Package: ifthen 2014/09/29 v1.1c Standard LaTeX ifthen package (DPC)
)
(/usr/share/texlive/texmf-dist/tex/latex/substr/substr.sty
Package: substr 2009/10/20 v1.2 Handle substrings
\c@su@anzahl=\count269
)
(/usr/share/texlive/texmf-dist/tex/latex/datatool/datatool-fp.sty
Package: datatool-fp 2016/01/18 v2.25 (NLCT)

(/usr/share/texlive/texmf-dist/tex/latex/fp/fp.sty
Package: fp 1995/04/02

`Fixed Point Package', Version 0.8, April 2, 1995 (C) Michael Mehlich
(/usr/share/texlive/texmf-dist/tex/latex/fp/defpattern.sty
Package: defpattern 1994/10/12
\actioncount=\count270
)
(/usr/share/texlive/texmf-dist/tex/latex/fp/fp-basic.sty
Package: fp-basic 1996/05/13
\FP@xs=\count271
\FP@xia=\count272
\FP@xib=\count273
\FP@xfa=\count274
\FP@xfb=\count275
\FP@rega=\count276
\FP@regb=\count277
\FP@regs=\count278
\FP@times=\count279
)
(/usr/share/texlive/texmf-dist/tex/latex/fp/fp-addons.sty
Package: fp-addons 1995/03/15
)
(/usr/share/texlive/texmf-dist/tex/latex/fp/fp-snap.sty
Package: fp-snap 1995/04/05
)
(/usr/share/texlive/texmf-dist/tex/latex/fp/fp-exp.sty
Package: fp-exp 1995/04/03
)
(/usr/share/texlive/texmf-dist/tex/latex/fp/fp-trigo.sty
Package: fp-trigo 1995/04/14
)
(/usr/share/texlive/texmf-dist/tex/latex/fp/fp-pas.sty
Package: fp-pas 1994/08/29
)
(/usr/share/texlive/texmf-dist/tex/latex/fp/fp-random.sty
Package: fp-random 1995/02/23
\FPseed=\count280
)
(/usr/share/texlive/texmf-dist/tex/latex/fp/fp-eqn.sty
Package: fp-eqn 1995/04/03
)
(/usr/share/texlive/texmf-dist/tex/latex/fp/fp-upn.sty
Package: fp-upn 1996/10/21
)
(/usr/share/texlive/texmf-dist/tex/latex/fp/fp-eval.sty
Package: fp-eval 1995/04/03
)))
\@dtl@toks=\toks32
\@dtl@tmpcount=\count281
\dtl@tmplength=\skip260
\dtl@sortresult=\count282
\@dtl@numgrpsepcount=\count283
\@dtl@datatype=\count284
\dtl@codeA=\count285
\dtl@codeB=\count286
\@dtl@foreach@level=\count287
)
(/usr/share/texlive/texmf-dist/tex/latex/tools/bm.sty
Package: bm 2016/02/27 v1.2a Bold Symbol Support (DPC/FMi)
\symboldoperators=\mathgroup5
\symboldletters=\mathgroup6
\symboldsymbols=\mathgroup7
LaTeX Font Info:    Redeclaring math alphabet \mathbf on input line 142.
LaTeX Info: Redefining \bm on input line 208.
)
(/usr/share/texlive/texmf-dist/tex/latex/adjustbox/adjustbox.sty
Package: adjustbox 2012/05/21 v1.0 Adjusting TeX boxes (trim, clip, ...)

(/usr/share/texlive/texmf-dist/tex/latex/adjustbox/adjcalc.sty
Package: adjcalc 2012/05/16 v1.1 Provides advanced setlength with multiple back
-ends (calc, etex, pgfmath)
)
(/usr/share/texlive/texmf-dist/tex/latex/adjustbox/trimclip.sty
Package: trimclip 2012/05/16 v1.0 Trim and clip general TeX material

(/usr/share/texlive/texmf-dist/tex/latex/collectbox/collectbox.sty
Package: collectbox 2012/05/17 v0.4b Collect macro arguments as boxes
\collectedbox=\box56
)
\tc@llx=\dimen264
\tc@lly=\dimen265
\tc@urx=\dimen266
\tc@ury=\dimen267
Package trimclip Info: Using driver 'tc-xetex.def'.

(/usr/share/texlive/texmf-dist/tex/latex/adjustbox/tc-xetex.def
File: tc-xetex.def 2012/05/13 v1.0 Clipping driver for xetex
))
\adjbox@Width=\dimen268
\adjbox@Height=\dimen269
\adjbox@Depth=\dimen270
\adjbox@Totalheight=\dimen271

(/usr/share/texlive/texmf-dist/tex/latex/ifoddpage/ifoddpage.sty
Package: ifoddpage 2016/04/23 v1.1 Conditionals for odd/even page detection
\c@checkoddpage=\count288
LaTeX Info: Redefining \checkoddpage on input line 45.
)
(/usr/share/texlive/texmf-dist/tex/latex/varwidth/varwidth.sty
Package: varwidth 2009/03/30 ver 0.92;  Variable-width minipages
\@vwid@box=\box57
\sift@deathcycles=\count289
\@vwid@loff=\dimen272
\@vwid@roff=\dimen273
))
(/usr/share/texlive/texmf-dist/tex/latex/rotating/rotating.sty
Package: rotating 2009/03/28 v2.16a rotated objects in LaTeX
\c@r@tfl@t=\count290
\rotFPtop=\skip261
\rotFPbot=\skip262
\rot@float@box=\box58
\rot@mess@toks=\toks33
)
(/usr/share/texlive/texmf-dist/tex/latex/dirtytalk/dirtytalk.sty
Package: dirtytalk 2010/11/21 A package making "quoting" easier

(/usr/share/texlive/texmf-dist/tex/latex/oberdiek/kvoptions.sty
Package: kvoptions 2016/05/16 v3.12 Key value format for package options (HO)

(/usr/share/texlive/texmf-dist/tex/generic/oberdiek/kvsetkeys.sty
Package: kvsetkeys 2016/05/16 v1.17 Key value parser (HO)

(/usr/share/texlive/texmf-dist/tex/generic/oberdiek/etexcmds.sty
Package: etexcmds 2016/05/16 v1.6 Avoid name clashes with e-TeX commands (HO)
Package etexcmds Info: Could not find \expanded.
(etexcmds)             That can mean that you are not using pdfTeX 1.50 or
(etexcmds)             that some package has redefined \expanded.
(etexcmds)             In the latter case, load this package earlier.
)))
\c@dirtytalk@qdepth=\count291
)
(/usr/share/texlive/texmf-dist/tex/latex/was/upgreek.sty
Package: upgreek 2003/02/12 v2.0 (WaS)
Package upgreek Info: Using Euler Roman for upright Greek on input line 31.
\symugrf@m=\mathgroup8
LaTeX Font Info:    Overwriting symbol font `ugrf@m' in version `bold'
(Font)                  U/eur/m/n --> U/eur/b/n on input line 38.
)
(/usr/share/texlive/texmf-dist/tex/latex/tools/calc.sty
Package: calc 2014/10/28 v4.3 Infix arithmetic (KKT,FJ)
\calc@Acount=\count292
\calc@Bcount=\count293
\calc@Adimen=\dimen274
\calc@Bdimen=\dimen275
\calc@Askip=\skip263
\calc@Bskip=\skip264
LaTeX Info: Redefining \setlength on input line 80.
LaTeX Info: Redefining \addtolength on input line 81.
\calc@Ccount=\count294
\calc@Cskip=\skip265
)
\forfootskip=\skip266
\textblockheight=\skip267


******************************************************
Stock height and width: 794.96999pt by 614.295pt
Top and edge trims: 0pt and 0pt
Page height and width: 794.96999pt by 614.295pt
Text height and width: 606.5pt by 433pt
Spine and edge margins: 90.3375pt and 90.3375pt
Upper and lower margins: 72.26999pt and 116.2pt
Headheight and headsep: 14.5pt and 7.25pt
Footskip: 43.5pt
Columnsep and columnseprule: 10pt and 0pt
Marginparsep and marginparwidth: 7pt and 76.3375pt
Sidecapsep and sidecapwidth: 7pt and 50pt
Sidebarhsep and sidebarwidth: 7pt and 50pt
Sidebarvsep and sidebartopsep: 14.5pt and 0pt
Sidebarheight: 546.64995pt
Sidefoothsep and sidefootwidth: 7pt and 50pt
Sidefootvsep and sidefootheight: 14.5pt and 546.64995pt
******************************************************

(/usr/share/texlive/texmf-dist/tex/latex/base/fontenc.sty
Package: fontenc 2005/09/27 v1.99g Standard LaTeX package

(/usr/share/texlive/texmf-dist/tex/latex/base/t1enc.def
File: t1enc.def 2005/09/27 v1.99g Standard LaTeX file
LaTeX Font Info:    Redeclaring font encoding T1 on input line 48.
))
(/usr/share/texlive/texmf-dist/tex/latex/amsfonts/amssymb.sty
Package: amssymb 2013/01/14 v3.01 AMS font symbols

(/usr/share/texlive/texmf-dist/tex/latex/amsfonts/amsfonts.sty
Package: amsfonts 2013/01/14 v3.01 Basic AMSFonts support
\symAMSa=\mathgroup9
\symAMSb=\mathgroup10
LaTeX Font Info:    Overwriting math alphabet `\mathfrak' in version `bold'
(Font)                  U/euf/m/n --> U/euf/b/n on input line 106.
))
(/usr/share/texlive/texmf-dist/tex/latex/mathtools/mathtools.sty
Package: mathtools 2015/11/12 v1.18 mathematical typesetting tools

(/usr/share/texlive/texmf-dist/tex/latex/mathtools/mhsetup.sty
Package: mhsetup 2010/01/21 v1.2a programming setup (MH)
)
LaTeX Info: Thecontrolsequence`\('isalreadyrobust on input line 129.
LaTeX Info: Thecontrolsequence`\)'isalreadyrobust on input line 129.
LaTeX Info: Thecontrolsequence`\['isalreadyrobust on input line 129.
LaTeX Info: Thecontrolsequence`\]'isalreadyrobust on input line 129.
\g_MT_multlinerow_int=\count295
\l_MT_multwidth_dim=\dimen276
\origjot=\skip268
\l_MT_shortvdotswithinadjustabove_dim=\dimen277
\l_MT_shortvdotswithinadjustbelow_dim=\dimen278
\l_MT_above_intertext_sep=\dimen279
\l_MT_below_intertext_sep=\dimen280
\l_MT_above_shortintertext_sep=\dimen281
\l_MT_below_shortintertext_sep=\dimen282
)
(/usr/share/texlive/texmf-dist/tex/latex/base/fixltx2e.sty
Package: fixltx2e 2015/06/22 v2.0b fixes to LaTeX (obsolete)


Package fixltx2e Warning: fixltx2e is not required with releases after 2015
(fixltx2e)                All fixes are now in the LaTeX kernel.
(fixltx2e)                See the latexrelease package for details.

) (/usr/share/texlive/texmf-dist/tex/latex/upquote/upquote.sty
Package: upquote 2012/04/19 v1.3 upright-quote and grave-accent glyphs in verba
tim

(/usr/share/texlive/texmf-dist/tex/latex/base/textcomp.sty
Package: textcomp 2005/09/27 v1.99g Standard LaTeX package
Package textcomp Info: Sub-encoding information:
(textcomp)               5 = only ISO-Adobe without \textcurrency
(textcomp)               4 = 5 + \texteuro
(textcomp)               3 = 4 + \textohm
(textcomp)               2 = 3 + \textestimated + \textcurrency
(textcomp)               1 = TS1 - \textcircled - \t
(textcomp)               0 = TS1 (full)
(textcomp)             Font families with sub-encoding setting implement
(textcomp)             only a restricted character set as indicated.
(textcomp)             Family '?' is the default used for unknown fonts.
(textcomp)             See the documentation for details.
Package textcomp Info: Setting ? sub-encoding to TS1/1 on input line 79.

(/usr/share/texlive/texmf-dist/tex/latex/base/ts1enc.def
File: ts1enc.def 2001/06/05 v3.0e (jk/car/fm) Standard LaTeX file
)
LaTeX Info: Redefining \oldstylenums on input line 334.
Package textcomp Info: Setting cmr sub-encoding to TS1/0 on input line 349.
Package textcomp Info: Setting cmss sub-encoding to TS1/0 on input line 350.
Package textcomp Info: Setting cmtt sub-encoding to TS1/0 on input line 351.
Package textcomp Info: Setting cmvtt sub-encoding to TS1/0 on input line 352.
Package textcomp Info: Setting cmbr sub-encoding to TS1/0 on input line 353.
Package textcomp Info: Setting cmtl sub-encoding to TS1/0 on input line 354.
Package textcomp Info: Setting ccr sub-encoding to TS1/0 on input line 355.
Package textcomp Info: Setting ptm sub-encoding to TS1/4 on input line 356.
Package textcomp Info: Setting pcr sub-encoding to TS1/4 on input line 357.
Package textcomp Info: Setting phv sub-encoding to TS1/4 on input line 358.
Package textcomp Info: Setting ppl sub-encoding to TS1/3 on input line 359.
Package textcomp Info: Setting pag sub-encoding to TS1/4 on input line 360.
Package textcomp Info: Setting pbk sub-encoding to TS1/4 on input line 361.
Package textcomp Info: Setting pnc sub-encoding to TS1/4 on input line 362.
Package textcomp Info: Setting pzc sub-encoding to TS1/4 on input line 363.
Package textcomp Info: Setting bch sub-encoding to TS1/4 on input line 364.
Package textcomp Info: Setting put sub-encoding to TS1/5 on input line 365.
Package textcomp Info: Setting uag sub-encoding to TS1/5 on input line 366.
Package textcomp Info: Setting ugq sub-encoding to TS1/5 on input line 367.
Package textcomp Info: Setting ul8 sub-encoding to TS1/4 on input line 368.
Package textcomp Info: Setting ul9 sub-encoding to TS1/4 on input line 369.
Package textcomp Info: Setting augie sub-encoding to TS1/5 on input line 370.
Package textcomp Info: Setting dayrom sub-encoding to TS1/3 on input line 371.
Package textcomp Info: Setting dayroms sub-encoding to TS1/3 on input line 372.

Package textcomp Info: Setting pxr sub-encoding to TS1/0 on input line 373.
Package textcomp Info: Setting pxss sub-encoding to TS1/0 on input line 374.
Package textcomp Info: Setting pxtt sub-encoding to TS1/0 on input line 375.
Package textcomp Info: Setting txr sub-encoding to TS1/0 on input line 376.
Package textcomp Info: Setting txss sub-encoding to TS1/0 on input line 377.
Package textcomp Info: Setting txtt sub-encoding to TS1/0 on input line 378.
Package textcomp Info: Setting lmr sub-encoding to TS1/0 on input line 379.
Package textcomp Info: Setting lmdh sub-encoding to TS1/0 on input line 380.
Package textcomp Info: Setting lmss sub-encoding to TS1/0 on input line 381.
Package textcomp Info: Setting lmssq sub-encoding to TS1/0 on input line 382.
Package textcomp Info: Setting lmvtt sub-encoding to TS1/0 on input line 383.
Package textcomp Info: Setting lmtt sub-encoding to TS1/0 on input line 384.
Package textcomp Info: Setting qhv sub-encoding to TS1/0 on input line 385.
Package textcomp Info: Setting qag sub-encoding to TS1/0 on input line 386.
Package textcomp Info: Setting qbk sub-encoding to TS1/0 on input line 387.
Package textcomp Info: Setting qcr sub-encoding to TS1/0 on input line 388.
Package textcomp Info: Setting qcs sub-encoding to TS1/0 on input line 389.
Package textcomp Info: Setting qpl sub-encoding to TS1/0 on input line 390.
Package textcomp Info: Setting qtm sub-encoding to TS1/0 on input line 391.
Package textcomp Info: Setting qzc sub-encoding to TS1/0 on input line 392.
Package textcomp Info: Setting qhvc sub-encoding to TS1/0 on input line 393.
Package textcomp Info: Setting futs sub-encoding to TS1/4 on input line 394.
Package textcomp Info: Setting futx sub-encoding to TS1/4 on input line 395.
Package textcomp Info: Setting futj sub-encoding to TS1/4 on input line 396.
Package textcomp Info: Setting hlh sub-encoding to TS1/3 on input line 397.
Package textcomp Info: Setting hls sub-encoding to TS1/3 on input line 398.
Package textcomp Info: Setting hlst sub-encoding to TS1/3 on input line 399.
Package textcomp Info: Setting hlct sub-encoding to TS1/5 on input line 400.
Package textcomp Info: Setting hlx sub-encoding to TS1/5 on input line 401.
Package textcomp Info: Setting hlce sub-encoding to TS1/5 on input line 402.
Package textcomp Info: Setting hlcn sub-encoding to TS1/5 on input line 403.
Package textcomp Info: Setting hlcw sub-encoding to TS1/5 on input line 404.
Package textcomp Info: Setting hlcf sub-encoding to TS1/5 on input line 405.
Package textcomp Info: Setting pplx sub-encoding to TS1/3 on input line 406.
Package textcomp Info: Setting pplj sub-encoding to TS1/3 on input line 407.
Package textcomp Info: Setting ptmx sub-encoding to TS1/4 on input line 408.
Package textcomp Info: Setting ptmj sub-encoding to TS1/4 on input line 409.
))
(/usr/share/texlive/texmf-dist/tex/xelatex/mathspec/mathspec.sty
Package: mathspec 2009/09/30 v0.2 LaTeX Package (Mathematics font selection for
 XeLaTeX)

(/usr/share/texlive/texmf-dist/tex/latex/fontspec/fontspec.sty
Package: fontspec 2016/02/01 v2.5a Font selection for XeLaTeX and LuaLaTeX

(/usr/share/texlive/texmf-dist/tex/latex/fontspec/fontspec-xetex.sty
Package: fontspec-xetex 2016/02/01 v2.5a Font selection for XeLaTeX and LuaLaTe
X
\l_fontspec_script_int=\count296
\l_fontspec_language_int=\count297
\l_fontspec_strnum_int=\count298
\l__fontspec_tmpa_dim=\dimen283
\l__fontspec_tmpb_dim=\dimen284
\l__fontspec_tmpc_dim=\dimen285

(/usr/share/texlive/texmf-dist/tex/latex/base/fontenc.sty
Package: fontenc 2005/09/27 v1.99g Standard LaTeX package

(/usr/share/texlive/texmf-dist/tex/latex/euenc/eu1enc.def
File: eu1enc.def 2010/05/27 v0.1h Experimental Unicode font encodings
)
LaTeX Font Info:    Try loading font information for EU1+lmr on input line 105.


(/usr/share/texlive/texmf-dist/tex/latex/euenc/eu1lmr.fd
File: eu1lmr.fd 2009/10/30 v1.6 Font defs for Latin Modern
))
(/usr/share/texlive/texmf-dist/tex/xelatex/xunicode/xunicode.sty
File: xunicode.sty 2011/09/09 v0.981 provides access to latin accents and many 
other characters in Unicode lower plane

(/usr/share/texmf/tex/latex/tipa/t3enc.def
File: t3enc.def 2001/12/31 T3 encoding
LaTeX Font Info:    Try loading font information for EU1+lmss on input line 357
.

(/usr/share/texlive/texmf-dist/tex/latex/euenc/eu1lmss.fd
File: eu1lmss.fd 2009/10/30 v1.6 Font defs for Latin Modern
))
\tipaTiiicode=\count299
\tipasavetokens=\toks34
\tipachecktokens=\toks35
)
.................................................
. LaTeX info: "xparse/define-command"
. 
. Defining command \__fontspec_post_arg:w with sig. 'mmO{}' on line 353.
.................................................
.................................................
. LaTeX info: "xparse/define-command"
. 
. Defining command \fontspec with sig. 'om' on line 355.
.................................................
.................................................
. LaTeX info: "xparse/define-command"
. 
. Defining command \setmainfont with sig. 'om' on line 365.
.................................................
.................................................
. LaTeX info: "xparse/define-command"
. 
. Defining command \setsansfont with sig. 'om' on line 375.
.................................................
.................................................
. LaTeX info: "xparse/define-command"
. 
. Defining command \setmonofont with sig. 'om' on line 385.
.................................................
.................................................
. LaTeX info: "xparse/define-command"
. 
. Defining command \setmathrm with sig. 'om' on line 399.
.................................................
.................................................
. LaTeX info: "xparse/define-command"
. 
. Defining command \setboldmathrm with sig. 'om' on line 407.
.................................................
.................................................
. LaTeX info: "xparse/define-command"
. 
. Defining command \setmathsf with sig. 'om' on line 415.
.................................................
.................................................
. LaTeX info: "xparse/define-command"
. 
. Defining command \setmathtt with sig. 'om' on line 423.
.................................................
.................................................
. LaTeX info: "xparse/define-command"
. 
. Defining command \newfontfamily with sig. 'mom' on line 437.
.................................................
.................................................
. LaTeX info: "xparse/define-command"
. 
. Defining command \newfontface with sig. 'mom' on line 453.
.................................................
.................................................
. LaTeX info: "xparse/define-command"
. 
. Defining command \defaultfontfeatures with sig. 't+om' on line 467.
.................................................
.................................................
. LaTeX info: "xparse/define-command"
. 
. Defining command \addfontfeatures with sig. 'm' on line 529.
.................................................
.................................................
. LaTeX info: "xparse/define-command"
. 
. Defining command \newfontfeature with sig. 'mm' on line 540.
.................................................
.................................................
. LaTeX info: "xparse/define-command"
. 
. Defining command \newAATfeature with sig. 'mmmm' on line 548.
.................................................
.................................................
. LaTeX info: "xparse/define-command"
. 
. Defining command \newopentypefeature with sig. 'mmm' on line 556.
.................................................
.................................................
. LaTeX info: "xparse/define-command"
. 
. Defining command \aliasfontfeature with sig. 'mm' on line 577.
.................................................
.................................................
. LaTeX info: "xparse/define-command"
. 
. Defining command \aliasfontfeatureoption with sig. 'mmm' on line 586.
.................................................
.................................................
. LaTeX info: "xparse/define-command"
. 
. Defining command \newfontscript with sig. 'mm' on line 590.
.................................................
.................................................
. LaTeX info: "xparse/define-command"
. 
. Defining command \newfontlanguage with sig. 'mm' on line 594.
.................................................
.................................................
. LaTeX info: "xparse/define-command"
. 
. Defining command \DeclareFontsExtensions with sig. 'm' on line 599.
.................................................
\l__fontspec_tmp_int=\count300

(/usr/share/texlive/texmf-dist/tex/latex/fontspec/fontspec.cfg)
LaTeX Info: Redefining \itshape on input line 2705.
LaTeX Info: Redefining \slshape on input line 2710.
LaTeX Info: Redefining \scshape on input line 2715.
LaTeX Info: Redefining \upshape on input line 2720.
\l__fontspec_em_int=\count301
\l__fontspec_emdef_int=\count302
LaTeX Info: Redefining \em on input line 2736.
LaTeX Info: Redefining \emph on input line 2742.
LaTeX Info: Redefining \- on input line 2746.
.................................................
. LaTeX info: "xparse/redefine-command"
. 
. Redefining command \oldstylenums with sig. 'm' on line 2841.
.................................................
.................................................
. LaTeX info: "xparse/define-command"
. 
. Defining command \liningnums with sig. 'm' on line 2845.
.................................................
))
\c@eu@=\count303
\c@eu@i=\count304
\c@mkern=\count305
)
.................................................
. fontspec info: "no-scripts"
. 
. Font Garamond does not contain any OpenType `Script' information.
.................................................
.................................................
. fontspec info: "set-scale"
. 
. Garamond scale = 1.118742078580482.
.................................................
\g__fontspec_family_Garamond_int=\count306
.................................................
. fontspec info: "set-scale"
. 
. Garamond scale = 1.118742078580482.
.................................................
.................................................
. fontspec info: "set-scale"
. 
. Garamond/B scale = 1.075137028014616.
.................................................
.................................................
. fontspec info: "set-scale"
. 
. Garamond/I scale = 1.083052147239264.
.................................................
.................................................
. fontspec info: "set-scale"
. 
. Garamond/BI scale = 1.083052147239264.
.................................................
.................................................
. fontspec info: "defining-font"
. 
. Font family 'Garamond(0)' created for font 'Garamond' with options
. [Mapping=tex-text,Scale=MatchLowercase,Ligatures=TeX].
. 
. This font family consists of the following NFSS series/shapes:
. - 'normal' (m/n) with NFSS spec.:
. <->s*[1.118742078580482]"Garamond/OT:mapping=tex-text;mapping=tex-text;"
. - 'small caps'  (m/sc) with NFSS spec.: - 'bold' (bx/n) with NFSS spec.:
. <->s*[1.075137028014616]"Garamond/B/OT:mapping=tex-text;mapping=tex-text;"
. - 'bold small caps'  (bx/sc) with NFSS spec.: - 'italic' (m/it) with NFSS
. spec.:
. <->s*[1.083052147239264]"Garamond/I/OT:mapping=tex-text;mapping=tex-text;"
. - 'italic small caps'  (m/itsc) with NFSS spec.: - 'bold italic' (bx/it)
. with NFSS spec.:
. <->s*[1.083052147239264]"Garamond/BI/OT:mapping=tex-text;mapping=tex-text;"
. - 'bold italic small caps'  (bx/itsc) with NFSS spec.: 
.................................................
LaTeX Font Info:    Font shape `EU1/Garamond(0)/m/n' will be
(Font)              scaled to size 13.42493pt on input line 169.
\savedfootskip=\skip269

Success: Patch 'l@part' to uppercase part-level headings in the table of conten
ts.
Success: Patch 'l@chapapp' to uppercase part-level headings in the table of con
tents.
(/usr/share/texlive/texmf-dist/tex/latex/titlecaps/titlecaps.sty
Package: titlecaps 2015/01/30 V1.2 Routines for setting rich-text input into Ti
tling Caps

(/usr/share/texlive/texmf-dist/tex/latex/ifnextok/ifnextok.sty
Package: ifnextok 2011/06/27 v0.3 test next token (UL)
)
\c@lcword@index=\count307
\c@word@count=\count308
\c@lc@words=\count309
\c@dia@count=\count310
\c@arg@@@index=\count311
)
\levelindentincrement=\skip270
\levelindent=\skip271
\verticalpush=\skip272

(/usr/share/texlive/texmf-dist/tex/latex/natbib/natbib.sty
Package: natbib 2010/09/13 8.31b (PWD, AO)
\bibhang=\skip273
\bibsep=\skip274
LaTeX Info: Redefining \cite on input line 694.
\c@NAT@ctr=\count312
)
(/usr/share/texlive/texmf-dist/tex/latex/tabu/tabu.sty
Package: tabu 2011/02/26 v2.8 - flexible LaTeX tabulars (FC)
\c@taburow=\count313
\tabu@nbcols=\count314
\tabu@cnt=\count315
\tabu@Xcol=\count316
\tabu@alloc=\count317
\tabu@nested=\count318
\tabu@target=\dimen286
\tabu@spreadtarget=\dimen287
\tabu@naturalX=\dimen288
\tabucolX=\dimen289
\tabu@Xsum=\dimen290
\extrarowdepth=\dimen291
\abovetabulinesep=\dimen292
\belowtabulinesep=\dimen293
\tabustrutrule=\dimen294
\tabu@thebody=\toks36
\tabu@footnotes=\toks37
\tabu@box=\box59
\tabu@arstrutbox=\box60
\tabu@hleads=\box61
\tabu@vleads=\box62
\tabu@cellskip=\skip275
)
(/usr/share/texlive/texmf-dist/tex/latex/hyperref/hyperref.sty
Package: hyperref 2016/05/05 v6.83n Hypertext links for LaTeX

(/usr/share/texlive/texmf-dist/tex/generic/oberdiek/hobsub-hyperref.sty
Package: hobsub-hyperref 2016/05/16 v1.14 Bundle oberdiek, subset hyperref (HO)


(/usr/share/texlive/texmf-dist/tex/generic/oberdiek/hobsub-generic.sty
Package: hobsub-generic 2016/05/16 v1.14 Bundle oberdiek, subset generic (HO)
Package: hobsub 2016/05/16 v1.14 Construct package bundles (HO)
Package hobsub Info: Skipping package `infwarerr' (already loaded).
Package hobsub Info: Skipping package `ltxcmds' (already loaded).
Package hobsub Info: Skipping package `ifluatex' (already loaded).
Package: ifvtex 2016/05/16 v1.6 Detect VTeX and its facilities (HO)
Package ifvtex Info: VTeX not detected.
Package: intcalc 2016/05/16 v1.2 Expandable calculations with integers (HO)
Package hobsub Info: Skipping package `ifpdf' (already loaded).
Package hobsub Info: Skipping package `etexcmds' (already loaded).
Package hobsub Info: Skipping package `kvsetkeys' (already loaded).
Package: kvdefinekeys 2016/05/16 v1.4 Define keys (HO)
Package: pdftexcmds 2016/05/10 v0.21 Utility functions of pdfTeX for LuaTeX (HO
)
Package pdftexcmds Info: LuaTeX not detected.
Package pdftexcmds Info: pdfTeX >= 1.30 not detected.
Package pdftexcmds Info: \pdf@primitive is available.
Package pdftexcmds Info: \pdf@ifprimitive is available.
Package pdftexcmds Info: \pdfdraftmode not found.
Package: pdfescape 2016/05/16 v1.14 Implements pdfTeX's escape features (HO)
Package: bigintcalc 2016/05/16 v1.4 Expandable calculations on big integers (HO
)
Package: bitset 2016/05/16 v1.2 Handle bit-vector datatype (HO)
Package: uniquecounter 2016/05/16 v1.3 Provide unlimited unique counter (HO)
)
Package hobsub Info: Skipping package `hobsub' (already loaded).
Package: letltxmacro 2016/05/16 v1.5 Let assignment for LaTeX macros (HO)
Package: hopatch 2016/05/16 v1.3 Wrapper for package hooks (HO)
Package: xcolor-patch 2016/05/16 xcolor patch
Package: atveryend 2016/05/16 v1.9 Hooks at the very end of document (HO)
Package: atbegshi 2016/05/16 v1.17 At begin shipout hook (HO)
Package: refcount 2016/05/16 v3.5 Data extraction from label references (HO)
Package: hycolor 2016/05/16 v1.8 Color options for hyperref/bookmark (HO)
)
(/usr/share/texlive/texmf-dist/tex/latex/oberdiek/auxhook.sty
Package: auxhook 2016/05/16 v1.4 Hooks for auxiliary files (HO)
)
\@linkdim=\dimen295
\Hy@linkcounter=\count319
\Hy@pagecounter=\count320

(/usr/share/texlive/texmf-dist/tex/latex/hyperref/pd1enc.def
File: pd1enc.def 2016/05/05 v6.83n Hyperref: PDFDocEncoding definition (HO)
)
\Hy@SavedSpaceFactor=\count321

(/usr/share/texlive/texmf-dist/tex/latex/latexconfig/hyperref.cfg
File: hyperref.cfg 2002/06/06 v1.2 hyperref configuration of TeXLive
)
Package hyperref Info: Option `breaklinks' set `true' on input line 4322.
Package hyperref Info: Option `colorlinks' set `true' on input line 4322.
Package hyperref Info: Hyper figures OFF on input line 4446.
Package hyperref Info: Link nesting OFF on input line 4451.
Package hyperref Info: Hyper index ON on input line 4454.
Package hyperref Info: Plain pages OFF on input line 4461.
Package hyperref Info: Backreferencing OFF on input line 4466.
Package hyperref Info: Implicit mode ON; LaTeX internals redefined.
Package hyperref Info: Bookmarks ON on input line 4691.
\c@Hy@tempcnt=\count322

(/usr/share/texlive/texmf-dist/tex/latex/url/url.sty
\Urlmuskip=\muskip17
Package: url 2013/09/16  ver 3.4  Verb mode for urls, etc.
)
LaTeX Info: Redefining \url on input line 5044.
\XeTeXLinkMargin=\dimen296
\Fld@menulength=\count323
\Field@Width=\dimen297
\Fld@charsize=\dimen298
Package hyperref Info: Hyper figures OFF on input line 6298.
Package hyperref Info: Link nesting OFF on input line 6303.
Package hyperref Info: Hyper index ON on input line 6306.
Package hyperref Info: backreferencing OFF on input line 6313.
Package hyperref Info: Link coloring ON on input line 6316.
Package hyperref Info: Link coloring with OCG OFF on input line 6323.
Package hyperref Info: PDF/A mode OFF on input line 6328.
LaTeX Info: Redefining \ref on input line 6368.
LaTeX Info: Redefining \pageref on input line 6372.
\Hy@abspage=\count324
\c@Item=\count325
\c@Hfootnote=\count326
)
(/usr/share/texlive/texmf-dist/tex/latex/memoir/memhfixc.sty
Package: memhfixc 2013/05/30 v1.17 nameref/hyperref package fixes for memoir cl
ass
\c@memhycontfloat=\count327
\c@Hpagenote=\count328
)

Package hyperref Message: Driver (autodetected): hxetex.

(/usr/share/texlive/texmf-dist/tex/latex/hyperref/hxetex.def
File: hxetex.def 2016/05/05 v6.83n Hyperref driver for XeTeX

(/usr/share/texlive/texmf-dist/tex/latex/hyperref/puenc.def
File: puenc.def 2016/05/05 v6.83n Hyperref: PDF Unicode definition (HO)
)
(/usr/share/texlive/texmf-dist/tex/generic/oberdiek/stringenc.sty
Package: stringenc 2016/05/16 v1.11 Convert strings between diff. encodings (HO
)
)
\pdfm@box=\box63
\c@Hy@AnnotLevel=\count329
\HyField@AnnotCount=\count330
\Fld@listcount=\count331
\c@bookmark@seq@number=\count332

(/usr/share/texlive/texmf-dist/tex/latex/oberdiek/rerunfilecheck.sty
Package: rerunfilecheck 2016/05/16 v1.8 Rerun checks for auxiliary files (HO)
Package rerunfilecheck Info: Feature \pdfmdfivesum is not available
(rerunfilecheck)             (e.g. pdfTeX or LuaTeX with package `pdftexcmds').

(rerunfilecheck)             Therefore file contents cannot be checked efficien
tly
(rerunfilecheck)             and the loading of the package is aborted.
)
\Hy@SectionHShift=\skip276
)
(/usr/share/texlive/texmf-dist/tex/latex/hyperxmp/hyperxmp.sty
Package: hyperxmp 2016/04/27 v2.9 Store hyperref metadata in XMP format

(/usr/share/texlive/texmf-dist/tex/latex/oberdiek/atenddvi.sty
Package: atenddvi 2016/05/16 v1.2 At end DVI hook (HO)

(/usr/share/texlive/texmf-dist/tex/latex/oberdiek/zref-abspage.sty
Package: zref-abspage 2016/05/16 v2.25 Module abspage for zref (HO)

(/usr/share/texlive/texmf-dist/tex/latex/oberdiek/zref-base.sty
Package: zref-base 2016/05/16 v2.25 Module base for zref (HO)
Package zref Info: New property list: main on input line 759.
Package zref Info: New property: default on input line 760.
Package zref Info: New property: page on input line 761.
)
\c@abspage=\count333
Package zref Info: New property: abspage on input line 62.
)
(/usr/share/texlive/texmf-dist/tex/latex/oberdiek/zref-lastpage.sty
Package: zref-lastpage 2016/05/16 v2.25 Module lastpage for zref (HO)
Package zref Info: New property list: LastPage on input line 55.
)))
(/usr/share/texlive/texmf-dist/tex/generic/oberdiek/se-ascii-print.def
File: se-ascii-print.def 2016/05/16 v1.11 stringenc: Printable ASCII characters

)

Package hyperref Warning: Unexpected value for option `hidelinks'
(hyperref)                is ignored on input line 877.

Package hyperref Info: Option `breaklinks' set `true' on input line 877.
Package hyperref Info: Option `unicode' set `true' on input line 879.
(/usr/share/texlive/texmf-dist/tex/latex/oberdiek/bookmark.sty
Package: bookmark 2016/05/16 v1.25 PDF bookmarks (HO)

(/usr/share/texlive/texmf-dist/tex/latex/oberdiek/bkm-dvipdfm.def
File: bkm-dvipdfm.def 2016/05/16 v1.25 bookmark driver for dvipdfm (HO)
\BKM@id=\count334
))
(/usr/share/texlive/texmf-dist/tex/latex/glossaries/base/glossaries.sty
Package: glossaries 2016/04/30 v4.23 (NLCT)

(/usr/share/texlive/texmf-dist/tex/latex/mfirstuc/mfirstuc.sty
Package: mfirstuc 2015/12/17 v2.02 (NLCT)
\@glsmfirst=\toks38
\@glsmrest=\toks39
)
(/usr/share/texlive/texmf-dist/tex/latex/textcase/textcase.sty
Package: textcase 2004/10/07 v0.07 Text only upper/lower case changing (DPC)
LaTeX Info: Redefining \MakeTextUppercase on input line 47.
LaTeX Info: Redefining \MakeTextLowercase on input line 50.
)
(/usr/share/texlive/texmf-dist/tex/latex/glossaries/base/glossaries-compatible-
307.sty
Package: glossaries-compatible-307 2016/04/30 v4.23 (NLCT)
) (/usr/share/texlive/texmf-dist/tex/latex/tracklang/tracklang.sty
Package: tracklang 2015/03/23 v1.2 (NLCT) Track Languages

(/usr/share/texlive/texmf-dist/tex/generic/tracklang/tracklang.tex))
(/usr/share/texlive/texmf-dist/tex/latex/glossaries-english/glossaries-english.
ldf
File: glossaries-english.ldf 2014/11/23 v1.0
)
\gls@level=\count335
\@gls@tmpb=\toks40
\gls@tmplen=\skip277


Package glossaries Warning: Overriding \printglossary on input line 5256.


Package glossaries Warning: Overriding `theglossary' environment on input line 
5906.

\glskeylisttok=\toks41
\glslabeltok=\toks42
\glsshorttok=\toks43
\glslongtok=\toks44

(/usr/share/texlive/texmf-dist/tex/latex/glossaries/styles/glossary-hypernav.st
y
Package: glossary-hypernav 2016/04/30 v4.23 (NLCT)
) (/usr/share/texlive/texmf-dist/tex/latex/glossaries/styles/glossary-list.sty
Package: glossary-list 2016/04/30 v4.23 (NLCT)
\glslistdottedwidth=\skip278
) (/usr/share/texlive/texmf-dist/tex/latex/glossaries/styles/glossary-long.sty
Package: glossary-long 2016/04/30 v4.23 (NLCT)

(/usr/share/texlive/texmf-dist/tex/latex/tools/longtable.sty
Package: longtable 2014/10/28 v4.11 Multi-page Table package (DPC)
\LTleft=\skip279
\LTright=\skip280
\LTpre=\skip281
\LTpost=\skip282
\LTchunksize=\count336
\LTcapwidth=\dimen299
\LT@head=\box64
\LT@firsthead=\box65
\LT@foot=\box66
\LT@lastfoot=\box67
\LT@cols=\count337
\LT@rows=\count338
\c@LT@tables=\count339
\c@LT@chunks=\count340
\LT@p@ftn=\toks45
)
\glsdescwidth=\skip283
\glspagelistwidth=\skip284
)
(/usr/share/texlive/texmf-dist/tex/latex/glossaries/styles/glossary-super.sty
Package: glossary-super 2016/04/30 v4.23 (NLCT)

(/usr/share/texlive/texmf-dist/tex/latex/supertabular/supertabular.sty
Package: supertabular 2004/02/20 v4.1e the supertabular environment
\c@tracingst=\count341
\ST@wd=\dimen300
\ST@rightskip=\skip285
\ST@leftskip=\skip286
\ST@parfillskip=\skip287
\ST@pageleft=\dimen301
\ST@headht=\dimen302
\ST@tailht=\dimen303
\ST@pagesofar=\dimen304
\ST@pboxht=\dimen305
\ST@lineht=\dimen306
\ST@stretchht=\dimen307
\ST@prevht=\dimen308
\ST@toadd=\dimen309
\ST@dimen=\dimen310
\ST@pbox=\box68
))
(/usr/share/texlive/texmf-dist/tex/latex/glossaries/styles/glossary-tree.sty
Package: glossary-tree 2016/04/30 v4.23 (NLCT)
\glstreeindent=\skip288
))
(./glossary_defs.tex)
\glswrite=\write4
\glo@main@file=\write5
\openout5 = `dis.glo'.

Package glossaries Info: Writing glossary file dis.glo on input line 947.

(/usr/share/texlive/texmf-dist/tex/latex/lipsum/lipsum.sty
Package: lipsum 2014/07/27 v1.3 150 paragraphs of Lorem Ipsum dummy text
\c@lips@count=\count342
) (./dis.aux
(./intro.aux) (./kid_model.aux) (./readout.aux) (./blast_data.aux)
(./carina.aux) (./galaxies.aux) (./conclusion.aux) (./appendix.aux))
\openout1 = `dis.aux'.

LaTeX Font Info:    Checking defaults for OML/cmm/m/it on input line 957.
LaTeX Font Info:    ... okay on input line 957.
LaTeX Font Info:    Checking defaults for T1/cmr/m/n on input line 957.
LaTeX Font Info:    ... okay on input line 957.
LaTeX Font Info:    Checking defaults for OT1/cmr/m/n on input line 957.
LaTeX Font Info:    ... okay on input line 957.
LaTeX Font Info:    Checking defaults for OMS/cmsy/m/n on input line 957.
LaTeX Font Info:    ... okay on input line 957.
LaTeX Font Info:    Checking defaults for OMX/cmex/m/n on input line 957.
LaTeX Font Info:    ... okay on input line 957.
LaTeX Font Info:    Checking defaults for U/cmr/m/n on input line 957.
LaTeX Font Info:    ... okay on input line 957.
LaTeX Font Info:    Checking defaults for TS1/cmr/m/n on input line 957.
LaTeX Font Info:    Try loading font information for TS1+cmr on input line 957.


(/usr/share/texlive/texmf-dist/tex/latex/base/ts1cmr.fd
File: ts1cmr.fd 2014/09/29 v2.5h Standard LaTeX font definitions
)
LaTeX Font Info:    ... okay on input line 957.
LaTeX Font Info:    Checking defaults for EU1/lmr/m/n on input line 957.
LaTeX Font Info:    ... okay on input line 957.
LaTeX Font Info:    Checking defaults for T3/cmr/m/n on input line 957.
LaTeX Font Info:    Try loading font information for T3+cmr on input line 957.

(/usr/share/texmf/tex/latex/tipa/t3cmr.fd
File: t3cmr.fd 2001/12/31 TIPA font definitions
)
LaTeX Font Info:    ... okay on input line 957.
LaTeX Font Info:    Checking defaults for PD1/pdf/m/n on input line 957.
LaTeX Font Info:    ... okay on input line 957.
LaTeX Font Info:    Checking defaults for PU/pdf/m/n on input line 957.
LaTeX Font Info:    ... okay on input line 957.
LaTeX Info: Redefining \microtypecontext on input line 957.
Package microtype Info: Character protrusion enabled (level 2).
Package microtype Info: Using default protrusion set `alltext'.
Package microtype Info: No adjustment of tracking.
Package microtype Info: No adjustment of spacing.
Package microtype Info: No adjustment of kerning.
Package microtype Info: Loading generic settings for font family
(microtype)             `Garamond' (encoding: EU1).
(microtype)             For optimal results, create family-specific settings.
(microtype)             See the microtype manual for details.
\symgns@font=\mathgroup11
LaTeX Font Info:    Overwriting symbol font `gns@font' in version `bold'
(Font)                  TS1/Garamond(0)/m/n --> TS1/Garamond(0)/bx/n on input l
ine 957.
Package gensymb Info: Math companion symbols declared on input line 957.
LaTeX Info: Redefining \degree on input line 957.
LaTeX Info: Redefining \celsius on input line 957.
Package gensymb Info: Using text companion symbols for \degree, \celsius and \p
erthousand on input line 957.
LaTeX Info: Redefining \ohm on input line 957.
Package gensymb Info: Using \textohm for \ohm on input line 957.
Package gensymb Info: Using \textmu for \micro on input line 957.

(/usr/share/texlive/texmf-dist/tex/latex/beamer/translator/dicts/translator-bas
ic-dictionary/translator-basic-dictionary-English.dict
Dictionary: translator-basic-dictionary, Language: English 
)
(/usr/share/texlive/texmf-dist/tex/latex/siunitx/siunitx-abbreviations.cfg
File: siunitx-abbreviations.cfg 2016/03/01 v2.6q siunitx: Abbreviated units
)
\AtBeginShipoutBox=\box69
Package hyperref Info: Link coloring OFF on input line 957.

(/usr/share/texlive/texmf-dist/tex/latex/hyperref/nameref.sty
Package: nameref 2012/10/27 v2.43 Cross-referencing by name of section

(/usr/share/texlive/texmf-dist/tex/generic/oberdiek/gettitlestring.sty
Package: gettitlestring 2016/05/16 v1.5 Cleanup title references (HO)
)
\c@section@level=\count343
)
Redoing nameref's sectioning
Redoing nameref's label
LaTeX Info: Redefining \nameref on input line 957.
LaTeX Info: Redefining \ref on input line 957.
LaTeX Info: Redefining \pageref on input line 957.
LaTeX Info: Redefining \nameref on input line 957.
(/usr/share/texlive/texmf-dist/tex/generic/oberdiek/se-pdfdoc.def
File: se-pdfdoc.def 2016/05/16 v1.11 stringenc: PDFDocEncoding
)
(/usr/share/texlive/texmf-dist/tex/generic/oberdiek/se-utf32be.def
File: se-utf32be.def 2016/05/16 v1.11 stringenc: UTF-32BE
)
(./dis.glsdefs)
\c__siunitx_mathsf_int=\count344
 (/usr/share/texlive/texmf-dist/tex/latex/microtype/mt-cmr.cfg
File: mt-cmr.cfg 2013/05/19 v2.2 microtype config. file: Computer Modern Roman 
(RS)
)
LaTeX Font Info:    Try loading font information for U+rsfs on input line 957.

(/usr/share/texlive/texmf-dist/tex/latex/jknapltx/ursfs.fd
File: ursfs.fd 1998/03/24 rsfs font definition file (jk)
)
(/usr/share/texlive/texmf-dist/tex/latex/microtype/mt-eur.cfg
File: mt-eur.cfg 2006/07/31 v1.1 microtype config. file: AMS Euler Roman (RS)
)
LaTeX Font Info:    Try loading font information for U+msa on input line 957.

(/usr/share/texlive/texmf-dist/tex/latex/amsfonts/umsa.fd
File: umsa.fd 2013/01/14 v3.01 AMS symbols A
)
(/usr/share/texlive/texmf-dist/tex/latex/microtype/mt-msa.cfg
File: mt-msa.cfg 2006/02/04 v1.1 microtype config. file: AMS symbols (a) (RS)
)
LaTeX Font Info:    Try loading font information for U+msb on input line 957.

(/usr/share/texlive/texmf-dist/tex/latex/amsfonts/umsb.fd
File: umsb.fd 2013/01/14 v3.01 AMS symbols B
)
(/usr/share/texlive/texmf-dist/tex/latex/microtype/mt-msb.cfg
File: mt-msb.cfg 2005/06/01 v1.0 microtype config. file: AMS symbols (b) (RS)
)
LaTeX Font Info:    Try loading font information for TS1+Garamond(0) on input l
ine 957.
LaTeX Font Info:    No file TS1Garamond(0).fd. on input line 957.


LaTeX Font Warning: Font shape `TS1/Garamond(0)/m/n' undefined
(Font)              using `TS1/cmr/m/n' instead on input line 957.

Package microtype Info: Loading generic settings for font family
(microtype)             `Garamond' (encoding: TS1).
(microtype)             For optimal results, create family-specific settings.
(microtype)             See the microtype manual for details.
Package microtype Info: Loading generic settings for font family
(microtype)             `cmss' (encoding: OT1).
(microtype)             For optimal results, create family-specific settings.
(microtype)             See the microtype manual for details.
\c__siunitx_mathtt_int=\count345
Package microtype Info: Loading generic settings for font family
(microtype)             `cmtt' (encoding: OT1).
(microtype)             For optimal results, create family-specific settings.
(microtype)             See the microtype manual for details.
[1

\openout4 = `dis.ist'.


]
Underfull \hbox (badness 10000) in paragraph at lines 985--985

 []

[2

] (./abstract.tex [1



]) [2] (./ack.tex)
Underfull \hbox (badness 10000) in paragraph at lines 1--1013

 []


Underfull \hbox (badness 10000) in paragraph at lines 1--1013

 []


Underfull \hbox (badness 10000) in paragraph at lines 1--1013

 []

[3


] (./dis.toc
LaTeX Font Info:    Font shape `EU1/Garamond(0)/bx/n' will be
(Font)              scaled to size 12.90161pt on input line 3.
LaTeX Font Info:    Font shape `EU1/Garamond(0)/m/n' will be
(Font)              scaled to size 16.1099pt on input line 6.
LaTeX Font Info:    Font shape `EU1/Garamond(0)/bx/n' will be
(Font)              scaled to size 15.48192pt on input line 6.

Underfull \hbox (badness 2393) in paragraph at lines 22--22
 [][] [][]\EU1/Garamond(0)/m/n/12 Considerations on Sub-mm/mm-wave and O/NIR 
 []

[4

] [5] [6] [7] [8]
Overfull \hbox (1.88434pt too wide) detected at line 139
\EU1/Garamond(0)/m/n/12 A.6.10 
 []

) [9] (./dis.lot [10

]) [11] (./dis.lof [12

] [13] [14] [15] [16] [17] [18])
[19] (./dis.gls [20



]
LaTeX Font Info:    Font shape `EU1/Garamond(0)/m/it' will be
(Font)              scaled to size 12.99664pt on input line 237.
 [21]) [22]
\openout2 = `intro.aux'.

 (./intro.tex [1




] [2]
LaTeX Font Info:    Font shape `EU1/Garamond(0)/m/n' will be
(Font)              scaled to size 8.94995pt on input line 31.
LaTeX Font Info:    Font shape `EU1/Garamond(0)/m/n' will be
(Font)              scaled to size 11.18744pt on input line 31.
LaTeX Font Info:    Font shape `EU1/Garamond(0)/m/n' will be
(Font)              scaled to size 7.8312pt on input line 31.
 [3]
File: figures/intro/Milky_Way_Arch.jpg Graphic file (type QTm)

<use  "figures/intro/Milky_Way_Arch.jpg" > [4]
File: figures/intro/polspec.png Graphic file (type QTm)

<use  "figures/intro/polspec.png" > [5]
Missing character: There is no  in font cmr12!
Missing character: There is no  in font cmr12!
Missing character: There is no  in font cmr12!
Missing character: There is no  in font cmr12!
 [6]
File: figures/intro/cob_cib.png Graphic file (type QTm)

<use  "figures/intro/cob_cib.png" > [7] [8] [9]
File: figures/intro/velac_lic.jpg Graphic file (type QTm)

<use  "figures/intro/velac_lic.jpg" > [10] [11] [12] [13] [14] [15]
Underfull \hbox (badness 1424) in paragraph at lines 165--166
\EU1/Garamond(0)/m/n/12 experiment to feature large-format (kilopixel scale) ar
rays of LEKIDs, along
 []

[16] [17] [18] [19] [20] [21]
File: figures/intro/olimpo_cal_lamp.png Graphic file (type QTm)
 <use  "figures/intro/olimpo_cal_lamp.png" >
[22] [23]
File: figures/intro/superspec_noisecomp.png Graphic file (type QTm)
 <use  "figures/intro/superspec_noisecomp.png" > [24] [25]) [26]
\openout2 = `kid_model.aux'.


(./kid_model.tex [27



] [28] [29] [30]
LaTeX Font Info:    Font shape `EU1/Garamond(0)/m/n' will be
(Font)              scaled to size 6.71246pt on input line 86.
 [31]
File: figures/kid_model/Nqp_T.pdf Graphic file (type QTm)

<use  "figures/kid_model/Nqp_T.pdf" >
File: figures/kid_model/Nqp_ratio.pdf Graphic file (type QTm)

<use  "figures/kid_model/Nqp_ratio.pdf" > [32] [33] [34]
File: figures/kid_model/sig_ratio_T.pdf Graphic file (type QTm)

<use  "figures/kid_model/sig_ratio_T.pdf" > [35]
File: figures/kid_model/sig_ratio_P.pdf Graphic file (type QTm)

<use  "figures/kid_model/sig_ratio_P.pdf" > [36] [37] [38] [39]
File: figures/kid_model/alpha_T.pdf Graphic file (type QTm)

<use  "figures/kid_model/alpha_T.pdf" >
File: figures/kid_model/alpha_P.pdf Graphic file (type QTm)

<use  "figures/kid_model/alpha_P.pdf" > [40] [41] [42] [43

]
File: figures/kid_model/mkid_schematic.pdf Graphic file (type QTm)

<use  "figures/kid_model/mkid_schematic.pdf" > [44]
File: figures/kid_model/Qr_v_T.pdf Graphic file (type QTm)

<use  "figures/kid_model/Qr_v_T.pdf" >
File: figures/kid_model/Qr_v_P.pdf Graphic file (type QTm)
 <use  "figures/kid_model/Qr_v_P.pdf" >
[45] [46]
File: figures/kid_model/S21_eps.pdf Graphic file (type QTm)
 <use  "figures/kid_model/S21_eps.pdf" >
File: figures/kid_model/S21_T250.pdf Graphic file (type QTm)

<use  "figures/kid_model/S21_T250.pdf" >
File: figures/kid_model/S21_opt250.pdf Graphic file (type QTm)

<use  "figures/kid_model/S21_opt250.pdf" >
File: figures/kid_model/IQloop_T250.pdf Graphic file (type QTm)

<use  "figures/kid_model/IQloop_T250.pdf" >
File: figures/kid_model/IQloop_opt250.pdf Graphic file (type QTm)

<use  "figures/kid_model/IQloop_opt250.pdf" > [47] [48] [49] [50]
File: figures/kid_model/dfdT.pdf Graphic file (type QTm)

<use  "figures/kid_model/dfdT.pdf" > [51] [52] [53]
File: figures/kid_model/resp_case1_case2.pdf Graphic file (type QTm)

<use  "figures/kid_model/resp_case1_case2.pdf" >
File: figures/kid_model/resp_case2_T.pdf Graphic file (type QTm)

<use  "figures/kid_model/resp_case2_T.pdf" > [54] [55] [56]
File: figures/kid_model/Pmax.pdf Graphic file (type QTm)

<use  "figures/kid_model/Pmax.pdf" > [57] [58] [59] [60] [61] [62] [63]
[64] [65] [66] [67] [68]
File: figures/kid_model/Sxx_fracfreq.pdf Graphic file (type QTm)
 <use  "figures/kid_model/Sxx_fracfreq.pdf" >
File: figures/kid_model/noise_ratios.pdf Graphic file (type QTm)

<use  "figures/kid_model/noise_ratios.pdf" > [69]
File: figures/kid_model/NEP.pdf Graphic file (type QTm)

<use  "figures/kid_model/NEP.pdf" > [70]) [71] [72]
\openout2 = `readout.aux'.

 (./readout.tex [73



]
[74] [75]
Underfull \hbox (badness 4328) in paragraph at lines 58--59
[]\EU1/Garamond(0)/m/n/12 Downconvert the modulated tone comb from RF to baseba
nd, am-
 []

[76] [77] [78] [79] [80] [81] [82] [83] [84] [85] [86]
File: figures/readout/schematics/readoutHardwareDefense.pdf Graphic file (type 
QTm)

<use  "figures/readout/schematics/readoutHardwareDefense.pdf" > [87] [88]
[89] [90] [91]
File: figures/readout/hardware/roach_sunset.JPG Graphic file (type QTm)
 <use  "figures/readout/hardware/roach_sunset.JPG" > [92]
File: figures/readout/hardware/installing_roaches.jpeg Graphic file (type QTm)

<use  "figures/readout/hardware/installing_roaches.jpeg" >

LaTeX Warning: Float too large for page by 10.52277pt on input line 315.

[93] [94]
File: figures/readout/hardware/roach_slice_annotated.pdf Graphic file (type QTm
)
 <use  "figures/readout/hardware/roach_slice_annotated.pdf" >
File: figures/readout/hardware/roach_motel_open.jpeg Graphic file (type QTm)

<use  "figures/readout/hardware/roach_motel_open.jpeg" > [95] [96] [97]
File: figures/readout/schematics/readoutDSPdiagram.pdf Graphic file (type QTm)

<use  "figures/readout/schematics/readoutDSPdiagram.pdf" >
LaTeX Font Info:    Try loading font information for EU1+lmtt on input line 396
.

(/usr/share/texlive/texmf-dist/tex/latex/euenc/eu1lmtt.fd
File: eu1lmtt.fd 2009/10/30 v1.6 Font defs for Latin Modern
)
Package microtype Info: Loading generic settings for font family
(microtype)             `lmtt' (encoding: EU1).
(microtype)             For optimal results, create family-specific settings.
(microtype)             See the microtype manual for details.
 [98] [99] [100]
[101]
File: figures/readout/sim/dac_comp.pdf Graphic file (type QTm)
 <use  "figures/readout/sim/dac_comp.pdf" > [102]
File: figures/readout/sim/adc.pdf Graphic file (type QTm)

<use  "figures/readout/sim/adc.pdf" > [103] [104]
File: figures/readout/sim/pfb_fft_comp.pdf Graphic file (type QTm)

<use  "figures/readout/sim/pfb_fft_comp.pdf" > [105] [106] [107] [108] [109]
[110]
File: figures/readout/sim/ddc_sim_0.pdf Graphic file (type QTm)
 <use  "figures/readout/sim/ddc_sim_0.pdf" >
File: figures/readout/sim/ddc_sim_100.pdf Graphic file (type QTm)

<use  "figures/readout/sim/ddc_sim_100.pdf" > [111] [112]
File: figures/readout/sim/accum_1000_lpf_nolpf.pdf Graphic file (type QTm)

<use  "figures/readout/sim/accum_1000_lpf_nolpf.pdf" > [113] [114]
File: figures/readout/schematics/roach_packet.pdf Graphic file (type QTm)

<use  "figures/readout/schematics/roach_packet.pdf" > [115] [116]
File: figures/readout/sim/c1000_PSD_fit.pdf Graphic file (type QTm)

<use  "figures/readout/sim/c1000_PSD_fit.pdf" > [117] [118]
File: figures/readout/sim/LB_noise.pdf Graphic file (type QTm)

<use  "figures/readout/sim/LB_noise.pdf" >
File: figures/readout/sim/IF_LB_noise.pdf Graphic file (type QTm)

<use  "figures/readout/sim/IF_LB_noise.pdf" > [119] [120] [121]) [122]
\openout2 = `blast_data.aux'.


(./blast_data.tex [123



] [124] [125]
File: figures/blast_data/sweeps/350_wide_sweep.pdf Graphic file (type QTm)

<use  "figures/blast_data/sweeps/350_wide_sweep.pdf" >
File: figures/blast_data/sweeps/350_wide_sweep_zoom.pdf Graphic file (type QTm)


<use  "figures/blast_data/sweeps/350_wide_sweep_zoom.pdf" > [126] [127]
[128] [129]
File: figures/blast_data/sweeps/r3_transfunc.pdf Graphic file (type QTm)
 <use  "figures/blast_data/sweeps/r3_transfunc.pdf" >
File: figures/blast_data/sweeps/350_VNA_overplot.pdf Graphic file (type QTm)

<use  "figures/blast_data/sweeps/350_VNA_overplot.pdf" >
File: figures/blast_data/sweeps/250W_VNA_overplot.pdf Graphic file (type QTm)

<use  "figures/blast_data/sweeps/250W_VNA_overplot.pdf" >
File: figures/blast_data/sweeps/250U_VNA_overplot.pdf Graphic file (type QTm)

<use  "figures/blast_data/sweeps/250U_VNA_overplot.pdf" >
File: figures/blast_data/sweeps/250V_VNA_overplot.pdf Graphic file (type QTm)

<use  "figures/blast_data/sweeps/250V_VNA_overplot.pdf" >
File: figures/blast_data/sweeps/500_VNA_overplot.pdf Graphic file (type QTm)

<use  "figures/blast_data/sweeps/500_VNA_overplot.pdf" >
File: figures/blast_data/sweeps/trf_slopes.pdf Graphic file (type QTm)

<use  "figures/blast_data/sweeps/trf_slopes.pdf" > [130] [131]
File: figures/blast_data/sweeps/350FK_HPF_PAL.pdf Graphic file (type QTm)

<use  "figures/blast_data/sweeps/350FK_HPF_PAL.pdf" > [132] [133] [134]
[135] [136] [137]
File: figures/blast_data/sweeps/350_May2018VNA_FK.pdf Graphic file (type QTm)
 <use  "figures/blast_data/sweeps/350_May2018VNA_FK.pdf" >
File: figures/blast_data/sweeps/350_PAL_FK.pdf Graphic file (type QTm)

<use  "figures/blast_data/sweeps/350_PAL_FK.pdf" >
File: figures/blast_data/sweeps/350_ICE_FK.pdf Graphic file (type QTm)

<use  "figures/blast_data/sweeps/350_ICE_FK.pdf" >

LaTeX Warning: Float too large for page by 27.61148pt on input line 221.

File: figures/blast_data/sweeps/250W_May2018VNA_FK.pdf Graphic file (type QTm)
<use  "figures/blast_data/sweeps/250W_May2018VNA_FK.pdf" >
File: figures/blast_data/sweeps/250W_PAL_FK.pdf Graphic file (type QTm)

<use  "figures/blast_data/sweeps/250W_PAL_FK.pdf" >
File: figures/blast_data/sweeps/250W_ICE_FK.pdf Graphic file (type QTm)

<use  "figures/blast_data/sweeps/250W_ICE_FK.pdf" >

LaTeX Warning: Float too large for page by 27.61905pt on input line 232.

File: figures/blast_data/sweeps/250U_May2018VNA_FK.pdf Graphic file (type QTm)
<use  "figures/blast_data/sweeps/250U_May2018VNA_FK.pdf" >
File: figures/blast_data/sweeps/250U_PAL_FK.pdf Graphic file (type QTm)

<use  "figures/blast_data/sweeps/250U_PAL_FK.pdf" >
File: figures/blast_data/sweeps/250U_ICE_FK.pdf Graphic file (type QTm)

<use  "figures/blast_data/sweeps/250U_ICE_FK.pdf" >

LaTeX Warning: Float too large for page by 21.2382pt on input line 243.

File: figures/blast_data/sweeps/250V_May2018VNA_FK.pdf Graphic file (type QTm)
<use  "figures/blast_data/sweeps/250V_May2018VNA_FK.pdf" >
File: figures/blast_data/sweeps/250V_PAL_FK.pdf Graphic file (type QTm)

<use  "figures/blast_data/sweeps/250V_PAL_FK.pdf" >
File: figures/blast_data/sweeps/500_May2018VNA_FK.pdf Graphic file (type QTm)

<use  "figures/blast_data/sweeps/500_May2018VNA_FK.pdf" >
File: figures/blast_data/sweeps/500_PAL_FK.pdf Graphic file (type QTm)

<use  "figures/blast_data/sweeps/500_PAL_FK.pdf" >
File: figures/blast_data/sweeps/500_ICE_FK.pdf Graphic file (type QTm)

<use  "figures/blast_data/sweeps/500_ICE_FK.pdf" >

LaTeX Warning: Float too large for page by 34.51474pt on input line 263.

[138] [139] [140] [141] [142] [143]
File: figures/blast_data/sweeps/350_targ_fts.pdf Graphic file (type QTm)

<use  "figures/blast_data/sweeps/350_targ_fts.pdf" >
File: figures/blast_data/sweeps/350_targ_ice_overplot.pdf Graphic file (type QT
m)

<use  "figures/blast_data/sweeps/350_targ_ice_overplot.pdf" > [144] [145]
[146]
File: figures/blast_data/sweeps/mag_tone_power_may.pdf Graphic file (type QTm)
 <use  "figures/blast_data/sweeps/mag_tone_power_may.pdf" >
File: figures/blast_data/sweeps/phase_tone_power_may.pdf Graphic file (type QTm
)

<use  "figures/blast_data/sweeps/phase_tone_power_may.pdf" >
File: figures/blast_data/sweeps/IQ_tone_power_may.pdf Graphic file (type QTm)

<use  "figures/blast_data/sweeps/IQ_tone_power_may.pdf" >

LaTeX Warning: Float too large for page by 26.35956pt on input line 302.

File: figures/blast_data/sweeps/mag_tone_power_bifurc.pdf Graphic file (type QT
m)
<use  "figures/blast_data/sweeps/mag_tone_power_bifurc.pdf" >
File: figures/blast_data/sweeps/phase_tone_power_bifurc.pdf Graphic file (type 
QTm)

<use  "figures/blast_data/sweeps/phase_tone_power_bifurc.pdf" >
File: figures/blast_data/sweeps/IQ_tone_power_bifurc.pdf Graphic file (type QTm
)

<use  "figures/blast_data/sweeps/IQ_tone_power_bifurc.pdf" >

LaTeX Warning: Float too large for page by 26.79115pt on input line 311.

[147] [148] [149]

Package hyperref Warning: Token not allowed in a PDF string (Unicode):
(hyperref)                removing `math shift' on input line 317.


Package hyperref Warning: Token not allowed in a PDF string (Unicode):
(hyperref)                removing `math shift' on input line 317.


Package hyperref Warning: Token not allowed in a PDF string (Unicode):
(hyperref)                removing `\gls' on input line 317.

[150] [151]
File: figures/blast_data/timestreams/ice_lo_chops.pdf Graphic file (type QTm)
 <use  "figures/blast_data/timestreams/ice_lo_chops.pdf" > [152]
[153]
File: figures/blast_data/timestreams/350_pal_IQgradExample_448.pdf Graphic file
 (type QTm)
 <use  "figures/blast_data/timestreams/350_pal_IQgradExample_448.pdf" >
File: figures/blast_data/timestreams/350_pal_ts_and_df_448.pdf Graphic file (ty
pe QTm)

<use  "figures/blast_data/timestreams/350_pal_ts_and_df_448.pdf" >
File: figures/blast_data/timestreams/350_pal_S21_fit_448.pdf Graphic file (type
 QTm)

<use  "figures/blast_data/timestreams/350_pal_S21_fit_448.pdf" >
File: figures/blast_data/timestreams/350_pal_freqNoiseBall_448.pdf Graphic file
 (type QTm)

<use  "figures/blast_data/timestreams/350_pal_freqNoiseBall_448.pdf" >
File: figures/blast_data/timestreams/350_pal_noiseball_448.pdf Graphic file (ty
pe QTm)

<use  "figures/blast_data/timestreams/350_pal_noiseball_448.pdf" >

LaTeX Warning: Float too large for page by 35.00082pt on input line 388.


Overfull \hbox (65.9194pt too wide) in paragraph at lines 392--398
 [][] 
 []

[154] [155]
File: figures/blast_data/timestreams/350_448_freq_diss_psd.pdf Graphic file (ty
pe QTm)
 <use  "figures/blast_data/timestreams/350_448_freq_diss_psd.pdf" >
File: figures/blast_data/timestreams/350_pal_Sxx_hist_448.pdf Graphic file (typ
e QTm)

<use  "figures/blast_data/timestreams/350_pal_Sxx_hist_448.pdf" > [156]
[157]
Overfull \hbox (16.97348pt too wide) in paragraph at lines 453--464
 [][] 
 []

File: figures/blast_data/hist/PAL_depth_hist.pdf Graphic file (type QTm)
<use  "figures/blast_data/hist/PAL_depth_hist.pdf" >
File: figures/blast_data/hist/PAL_Qr_hist.pdf Graphic file (type QTm)

<use  "figures/blast_data/hist/PAL_Qr_hist.pdf" >
File: figures/blast_data/hist/PAL_QrQc_hist.pdf Graphic file (type QTm)

<use  "figures/blast_data/hist/PAL_QrQc_hist.pdf" >
File: figures/blast_data/hist/PAL_NEP_hist_R1.pdf Graphic file (type QTm)

<use  "figures/blast_data/hist/PAL_NEP_hist_R1.pdf" >
File: figures/blast_data/hist/PAL_NEP_hist_R3.pdf Graphic file (type QTm)

<use  "figures/blast_data/hist/PAL_NEP_hist_R3.pdf" >
File: figures/blast_data/hist/PAL_NEP_hist_R4.pdf Graphic file (type QTm)

<use  "figures/blast_data/hist/PAL_NEP_hist_R4.pdf" >
File: figures/blast_data/hist/PAL_NEP_hist_R2.pdf Graphic file (type QTm)

<use  "figures/blast_data/hist/PAL_NEP_hist_R2.pdf" > [158] [159]
File: figures/blast_data/hist/PAL_NEP_hist_R5.pdf Graphic file (type QTm)

<use  "figures/blast_data/hist/PAL_NEP_hist_R5.pdf" > [160] [161] [162]
[163] [164] [165] [166] [167] [168

]
File: figures/blast_data/timestreams/cal_lamp_chops.pdf Graphic file (type QTm)


<use  "figures/blast_data/timestreams/cal_lamp_chops.pdf" >
File: figures/blast_data/timestreams/ice_lamps.pdf Graphic file (type QTm)

<use  "figures/blast_data/timestreams/ice_lamps.pdf" >
File: figures/blast_data/timestreams/may_15K_chop_c374.pdf Graphic file (type Q
Tm)

<use  "figures/blast_data/timestreams/may_15K_chop_c374.pdf" > [169] [170]
[171]
File: figures/blast_data/sweeps/temp_sweep_pal.pdf Graphic file (type QTm)
 <use  "figures/blast_data/sweeps/temp_sweep_pal.pdf" >
File: figures/blast_data/sweeps/temp_response.pdf Graphic file (type QTm)

<use  "figures/blast_data/sweeps/temp_response.pdf" > [172] [173] [174]
[175] [176] [177] [178]
Overfull \hbox (5.11356pt too wide) in paragraph at lines 723--751
[]  
 []

[179] [180]
File: figures/blast_data/sweeps/350_S21model_ice_final.pdf Graphic file (type Q
Tm)
 <use  "figures/blast_data/sweeps/350_S21model_ice_final.pdf" >
File: figures/blast_data/sweeps/350_NEPphotNEPamp.pdf Graphic file (type QTm)

<use  "figures/blast_data/sweeps/350_NEPphotNEPamp.pdf" >
File: figures/blast_data/sweeps/350_model_psds.pdf Graphic file (type QTm)

<use  "figures/blast_data/sweeps/350_model_psds.pdf" > [181]
Overfull \hbox (53.6067pt too wide) in paragraph at lines 800--805
 [][] 
 []

File: figures/blast_data/sweeps/350_S21modelT_ice.pdf Graphic file (type QTm)
<use  "figures/blast_data/sweeps/350_S21modelT_ice.pdf" > [182] [183] [184]
[185]
File: figures/blast_data/fts/fts_setup.jpg Graphic file (type QTm)
 <use  "figures/blast_data/fts/fts_setup.jpg" > [186

] [187] [188]
File: figures/blast_data/fts/fts_long_raw.pdf Graphic file (type QTm)

<use  "figures/blast_data/fts/fts_long_raw.pdf" > [189]
File: figures/blast_data/fts/two_interf_zoom_2.pdf Graphic file (type QTm)

<use  "figures/blast_data/fts/two_interf_zoom_2.pdf" > [190]
File: figures/blast_data/fts/interfs_350_lpf.pdf Graphic file (type QTm)

<use  "figures/blast_data/fts/interfs_350_lpf.pdf" >
File: figures/blast_data/fts/fts_avg_interfs_raw.pdf Graphic file (type QTm)

<use  "figures/blast_data/fts/fts_avg_interfs_raw.pdf" > [191] [192]
File: figures/blast_data/fts/passbands_raw.pdf Graphic file (type QTm)

<use  "figures/blast_data/fts/passbands_raw.pdf" > [193] [194]
File: figures/blast_data/polarization/pol_meas_crop.JPG Graphic file (type QTm)


<use  "figures/blast_data/polarization/pol_meas_crop.JPG" > [195] [196]
File: figures/blast_data/polarization/250U_poleff.pdf Graphic file (type QTm)

<use  "figures/blast_data/polarization/250U_poleff.pdf" >
File: figures/blast_data/polarization/250W_poleff.pdf Graphic file (type QTm)

<use  "figures/blast_data/polarization/250W_poleff.pdf" >
File: figures/blast_data/polarization/350_poleff.pdf Graphic file (type QTm)

<use  "figures/blast_data/polarization/350_poleff.pdf" > [197] [198] [199]
[200]) [201]
\openout2 = `carina.aux'.

 (./carina.tex [202



] [203] [204] [205] [206]
File: figures/carina/carina_I250.pdf Graphic file (type QTm)

<use  "figures/carina/carina_I250.pdf" > [207]

LaTeX Font Warning: Font shape `TS1/Garamond(0)/bx/n' undefined
(Font)              using `TS1/Garamond(0)/m/n' instead on input line 88.

[208] [209] [210] [211]
File: figures/carina/vectors_5.pdf Graphic file (type QTm)
 <use  "figures/carina/vectors_5.pdf" >
File: figures/carina/vectors_10.pdf Graphic file (type QTm)

<use  "figures/carina/vectors_10.pdf" >
File: figures/carina/vector_sl_21_ds10.pdf Graphic file (type QTm)

<use  "figures/carina/vector_sl_21_ds10.pdf" >
File: figures/carina/vector_sl_zoom.pdf Graphic file (type QTm)

<use  "figures/carina/vector_sl_zoom.pdf" >
File: figures/carina/lic_han_51.pdf Graphic file (type QTm)

<use  "figures/carina/lic_han_51.pdf" >
File: figures/carina/lic2_han51.pdf Graphic file (type QTm)

<use  "figures/carina/lic2_han51.pdf" >
File: figures/carina/lic_mult.pdf Graphic file (type QTm)
 <use  "figures/carina/lic_mult.pdf" >
[212] [213] [214] [215] [216] [217] [218] [219] [220

]
File: figures/carina/lic_sparo_overlay.png Graphic file (type QTm)

<use  "figures/carina/lic_sparo_overlay.png" > [221] [222] [223] [224]
File: figures/carina/msx2_sl.pdf Graphic file (type QTm)

<use  "figures/carina/msx2_sl.pdf" >
File: figures/carina/hstgsc2_250_sl.pdf Graphic file (type QTm)

<use  "figures/carina/hstgsc2_250_sl.pdf" >
File: figures/carina/chandra_soft_sl.pdf Graphic file (type QTm)

<use  "figures/carina/chandra_soft_sl.pdf" > [225] [226] [227] [228]

Package hyperref Warning: Token not allowed in a PDF string (Unicode):
(hyperref)                removing `\gls' on input line 302.

[229

] [230]

Package hyperref Warning: Token not allowed in a PDF string (Unicode):
(hyperref)                removing `math shift' on input line 344.


Package hyperref Warning: Token not allowed in a PDF string (Unicode):
(hyperref)                removing `subscript' on input line 344.


Package hyperref Warning: Token not allowed in a PDF string (Unicode):
(hyperref)                removing `\Phi' on input line 344.


Package hyperref Warning: Token not allowed in a PDF string (Unicode):
(hyperref)                removing `math shift' on input line 344.

[231] [232]
File: figures/carina/S_hist.pdf Graphic file (type QTm)
 <use  "figures/carina/S_hist.pdf" >
File: figures/carina/Phi_hist.pdf Graphic file (type QTm)

<use  "figures/carina/Phi_hist.pdf" >

Package hyperref Warning: Token not allowed in a PDF string (Unicode):
(hyperref)                removing `\gls' on input line 397.

[233] [234] [235]
File: figures/carina/NH2_hist_500.pdf Graphic file (type QTm)
 <use  "figures/carina/NH2_hist_500.pdf" >
File: figures/carina/nH2_hist_500.pdf Graphic file (type QTm)

<use  "figures/carina/nH2_hist_500.pdf" >

Package hyperref Warning: Token not allowed in a PDF string (Unicode):
(hyperref)                removing `math shift' on input line 486.


Package hyperref Warning: Token not allowed in a PDF string (Unicode):
(hyperref)                removing `\sigma' on input line 486.


Package hyperref Warning: Token not allowed in a PDF string (Unicode):
(hyperref)                removing `subscript' on input line 486.


Package hyperref Warning: Token not allowed in a PDF string (Unicode):
(hyperref)                removing `math shift' on input line 486.

[236] [237] [238]
File: figures/carina/HI_vselect.png Graphic file (type QTm)
 <use  "figures/carina/HI_vselect.png" >
File: figures/carina/VLOS_hist.pdf Graphic file (type QTm)

<use  "figures/carina/VLOS_hist.pdf" >
File: figures/carina/VFWHM_vectors.pdf Graphic file (type QTm)

<use  "figures/carina/VFWHM_vectors.pdf" > [239] [240] [241] [242] [243]
File: figures/carina/cftHI_5arcmin_500_5p0pc.pdf Graphic file (type QTm)

<use  "figures/carina/cftHI_5arcmin_500_5p0pc.pdf" > [244]
File: figures/carina/B_vectors_500_5p0pc.pdf Graphic file (type QTm)

<use  "figures/carina/B_vectors_500_5p0pc.pdf" >
File: figures/carina/B_lic_500_5p0pc.pdf Graphic file (type QTm)

<use  "figures/carina/B_lic_500_5p0pc.pdf" >
File: figures/carina/B_hist_500.pdf Graphic file (type QTm)

<use  "figures/carina/B_hist_500.pdf" >

Package hyperref Warning: Token not allowed in a PDF string (Unicode):
(hyperref)                removing `\gls' on input line 602.

[245] [246] [247] [248] [249] [250]) [251]
\openout2 = `galaxies.aux'.

 (./galaxies.tex [252



] [253] [254]
File: figures/galaxies/m51.png Graphic file (type QTm)

<use  "figures/galaxies/m51.png" > [255] [256] [257] [258]
File: figures/galaxies/m82_lic_cropped.jpg Graphic file (type QTm)

<use  "figures/galaxies/m82_lic_cropped.jpg" > [259] [260] [261] [262]
File: figures/galaxies/ngc4945.pdf Graphic file (type QTm)

<use  "figures/galaxies/ngc4945.pdf" >
File: figures/galaxies/eso9713.pdf Graphic file (type QTm)
 <use  "figures/galaxies/eso9713.pdf" >
File: figures/galaxies/ngc3621.pdf Graphic file (type QTm)

<use  "figures/galaxies/ngc3621.pdf" >
File: figures/galaxies/m83.pdf Graphic file (type QTm)
 <use  "figures/galaxies/m83.pdf" >
File: figures/galaxies/ngc1808.pdf Graphic file (type QTm)

<use  "figures/galaxies/ngc1808.pdf" > [263] [264]) [265] [266] [267] [268]
\openout2 = `conclusion.aux'.


(./conclusion.tex [269



] [270]
File: figures/conclusion/toltec_slice_2.jpg Graphic file (type QTm)
 <use  "figures/conclusion/toltec_slice_2.jpg" >
File: figures/conclusion/single_board.jpg Graphic file (type QTm)

<use  "figures/conclusion/single_board.jpg" >) [271] [272] [273] (./dis.bbl
[274


] [275] [276] [277] [278] [279]
Underfull \hbox (badness 1342) in paragraph at lines 499--502
[]\EU1/Garamond(0)/m/n/12 Hall, J. S. (1949).  Observations of the polarized li
ght from stars.  \EU1/Garamond(0)/m/it/12 Science\EU1/Garamond(0)/m/n/12 ,
 []

[280] [281] [282] [283] [284] [285]
Underfull \hbox (badness 512) in paragraph at lines 963--967
[]\EU1/Garamond(0)/m/n/12 Smith, N., Egan, M. P., Carey, S., Price, S. D., Mors
e, J. A., and Price, P. A.
 []

[286] [287] [288]) [289]
\openout2 = `appendix.aux'.

 (./appendix.tex [290


]
Underfull \hbox (badness 10000) in paragraph at lines 7--8

 []

[291

]
Underfull \hbox (badness 1460) in paragraph at lines 41--56
\EU1/Garamond(0)/bx/n/12 LO\EU1/Garamond(0)/m/n/12 : A variable tone produced b
y the Valon 5009 Synthesizer, and used to
 []

[292] [293]
Underfull \hbox (badness 2478) in paragraph at lines 118--124
\EU1/Garamond(0)/bx/n/12 ROACH-2\EU1/Garamond(0)/m/n/12 : Reconfigurable Open A
rchitecture Computing Hardware. The
 []

[294] [295]
Underfull \hbox (badness 10000) in paragraph at lines 178--179

 []


Underfull \hbox (badness 10000) in paragraph at lines 180--182

 []


Underfull \hbox (badness 10000) in paragraph at lines 180--182

 []


Underfull \hbox (badness 10000) in paragraph at lines 183--184

 []


Underfull \hbox (badness 10000) in paragraph at lines 185--186

 []

[296] [297]
Underfull \hbox (badness 10000) in paragraph at lines 270--271

 []


Underfull \hbox (badness 10000) in paragraph at lines 272--274

 []


Underfull \hbox (badness 10000) in paragraph at lines 275--276

 []


Underfull \hbox (badness 10000) in paragraph at lines 277--278

 []

[298] [299]
Underfull \hbox (badness 4846) in paragraph at lines 314--316
[]\EU1/Garamond(0)/bx/n/12 Turnaround loop\EU1/Garamond(0)/m/n/12 : See: \EU1/l
mtt/m/n/12 turnaround_-loop\EU1/Garamond(0)/m/n/12 , \EU1/lmtt/m/n/12 turnaroun
d_-loop_-all\EU1/Garamond(0)/m/n/12 . The
 []

[300]
Underfull \hbox (badness 1681) in paragraph at lines 339--340
[]\EU1/Garamond(0)/bx/n/12 STATE\EU1/Garamond(0)/m/n/12 : One of the following:
 \EU1/lmtt/m/n/12 BOOT\EU1/Garamond(0)/m/n/12 , \EU1/lmtt/m/n/12 CONNECTED\EU1/
Garamond(0)/m/n/12 , \EU1/lmtt/m/n/12 PROGRAMMED\EU1/Garamond(0)/m/n/12 , \EU1/
lmtt/m/n/12 CONFIGURED\EU1/Garamond(0)/m/n/12 ,
 []

[301] [302] [303]
Underfull \hbox (badness 5893) in paragraph at lines 468--469
[]\EU1/Garamond(0)/bx/n/12 QDR_-CAL_-FAIL\EU1/Garamond(0)/m/n/12 : Indicates th
at the QDR calibration has failed. See:
 []

[304]
Underfull \hbox (badness 2653) in paragraph at lines 479--480
[]\EU1/Garamond(0)/bx/n/12 LAST_-DF_-RESPONSE\EU1/Garamond(0)/m/n/12 : See: \EU
1/lmtt/m/n/12 check_-lamp_-retune\EU1/Garamond(0)/m/n/12 , \EU1/lmtt/m/n/12 che
ck_-lamp_-retune_-all\EU1/Garamond(0)/m/n/12 .
 []

File: ./figures/software/roaches_off.png Graphic file (type QTm)
<use  "./figures/software/roaches_off.png" >
File: ./figures/software/full_loop.png Graphic file (type QTm)

<use  "./figures/software/full_loop.png" >
File: ./figures/software/has_targ_tones.png Graphic file (type QTm)

<use  "./figures/software/has_targ_tones.png" > [305] [306] [307] [308]
Underfull \hbox (badness 10000) in paragraph at lines 523--527

 []


Underfull \hbox (badness 10000) in paragraph at lines 523--527

 []

[309] [310] [311] [312] [313] [314]
Underfull \hbox (badness 10000) in paragraph at lines 866--883

 []


Underfull \hbox (badness 10000) in paragraph at lines 866--883

 []

[315]
Underfull \hbox (badness 10000) in paragraph at lines 899--900

 []


Underfull \hbox (badness 10000) in paragraph at lines 899--900

 []

[316])
Package atenddvi Info: Last page = 341.
 [317]
\tf@toc=\write6
\openout6 = `dis.toc'.

\tf@lot=\write7
\openout7 = `dis.lot'.

\tf@lof=\write8
\openout8 = `dis.lof'.

Package atveryend Info: Empty hook `BeforeClearDocument' on input line 1199.
Package atveryend Info: Executing hook `AfterLastShipout' on input line 1199.
 (./dis.aux (./intro.aux) (./kid_model.aux) (./readout.aux)
(./blast_data.aux) (./carina.aux) (./galaxies.aux) (./conclusion.aux)
(./appendix.aux))
Package atveryend Info: Empty hook `AtVeryEndDocument' on input line 1199.
Package atveryend Info: Empty hook `AtEndAfterFileList' on input line 1199.


LaTeX Font Warning: Some font shapes were not available, defaults substituted.

 ) 
Here is how much of TeX's memory you used:
 41278 strings out of 493591
 729069 string characters out of 6145590
 990895 words of memory out of 5000000
 43908 multiletter control sequences out of 15000+600000
 25495 words of font info for 118 fonts, out of 8000000 for 9000
 1347 hyphenation exceptions out of 8191
 46i,22n,105p,10384b,33387s stack positions out of 5000i,500n,10000p,200000b,80000s

Output written on dis.pdf (341 pages).
